2024-12-19 18:20:39,267 ; PT3S       ; DEBUG   ; dxAndMxHelperFcts.readDxAndMx: Start.
2024-12-19 18:20:39,269 ; PT3S       ; DEBUG   ; Dx.__init__: Start.#########
2024-12-19 18:20:39,269 ; PT3S       ; INFO    ; Dx.__init__: dbFile (abspath): c:\users\aUserName\3s\pt3s\Examples\Example3.db3 exists readable ...
2024-12-19 18:20:39,282 ; PT3S       ; DEBUG   ; Dx.__init__: tableNames: ['AB_DEF', 'AGSN', 'ALLG', 'ALLG_BZ', 'ANTP', 'ANTP_ROWS', 'ARRW', 'ATMO', 'AVOS', 'AVOS_ROWS', 'BENUTZER', 'BEVE', 'BEVE_BZ', 'BEWI', 'BEWI_BZ', 'BREF', 'BZAG', 'BZAG_BZ', 'CIRC', 'CONT', 'CRGL', 'DATENEBENE', 'DPGR', 'DPGR_BZ', 'DPGR_DPKT', 'DPKT', 'DPKT_BZ', 'DPRG', 'DPRG_BZ', 'DRNP', 'DTRO', 'DTRO_ROWD', 'EBES', 'EBES_BZ', 'ELEMENTQUERY', 'ETAM', 'ETAM_ROWS', 'ETAR', 'ETAR_ROWS', 'ETAU', 'ETAU_ROWS', 'FKNL', 'FKNL_BZ', 'FQPS', 'FQPS_BZ', 'FSTF', 'FWBZ', 'FWEA', 'FWEA_BZ', 'FWES', 'FWES_BZ', 'FWVB', 'FWVB_BZ', 'FWWU', 'FWWU_BZ', 'GEOMETRY_COLUMNS', 'GKMP', 'GMIX', 'GRAV', 'GTXT', 'GVWK', 'GVWK_BZ', 'HAUS', 'HYDR', 'HYDR_BZ', 'KLAP', 'KLAP_BZ', 'KNOT', 'KNOT_BZ', 'KOMK', 'KOMK_ROWS', 'KOMP', 'KOMP_BZ', 'LAYR', 'LFAL', 'LFAL_BZ', 'LFKT', 'LFKT_ROWT', 'LTGR', 'MAPG', 'MAPG_ROWS', 'MODELL', 'MREG', 'MREG_BZ', 'NRCV', 'NSCH', 'NSCH_BZ', 'OBEH', 'OBEH_BZ', 'OVAL', 'PARI', 'PARI_BZ', 'PARV', 'PARZ', 'PARZ_BZ', 'PGPR', 'PGRP', 'PGRP_BZ', 'PGRP_PUMP', 'PGRP_PUMP_BZ', 'PHI1', 'PHI1_ROWT', 'PHI2', 'PHI2_ROWS', 'PHIV', 'PHIV_ROWS', 'PHTR', 'PHTR_BZ', 'PLYG', 'POLY', 'PREG', 'PREG_BZ', 'PROZESSE', 'PUMD', 'PUMD_ROWT', 'PUMK', 'PUMK_ROWS', 'PUMP', 'PUMP_BZ', 'PVAR', 'PVAR_ROWT', 'PZON', 'PZVR', 'PZVR_BZ', 'QVAR', 'QVAR_ROWT', 'RADD', 'RADD_BZ', 'RART', 'RART_BZ', 'RCON', 'RCPL', 'RCPL_ROWT', 'RDIV', 'RDIV_BZ', 'RECT', 'REGP', 'REGV', 'REGV_BZ', 'RFKT', 'RFKT_BZ', 'RHYS', 'RHYS_BZ', 'RINT', 'RINT_BZ', 'RLSR', 'RLSR_BZ', 'RLVG', 'RLVG_BZ', 'RMES', 'RMES_BZ', 'RMES_DPTS', 'RMES_DPTS_BZ', 'RMMA', 'RMMA_BZ', 'RMUL', 'RMUL_BZ', 'ROHR', 'ROHR_BZ', 'ROHR_VRTX', 'RPFL', 'RPID', 'RPID_BZ', 'RPLAN', 'RPLAN_ROWS', 'RPT1', 'RPT1_BZ', 'RRCT', 'RSLW', 'RSLW_BZ', 'RSTE', 'RSTE_BZ', 'RSTN', 'RSTN_BZ', 'RTOT', 'RTOT_BZ', 'RUES', 'RUES_BZ', 'SIRGRAF', 'SIVE', 'SIVE_BZ', 'SOKO', 'SPLZ', 'SRAT', 'SRAT_ROWS', 'STOF', 'STOF_ROWS', 'STRASSE', 'STRO', 'STRO_BZ', 'SWVT', 'SWVT_ROWT', 'SYSTEMKONFIG', 'TEVT', 'TEVT_ROWT', 'TFKT', 'TFKT_ROWS', 'TIMD', 'TRFT', 'TRFT_ROWS', 'TRVA', 'UTMP', 'VARA_ROWS', 'VENT', 'VENT_BZ', 'VERB', 'VKNO', 'VRCT', 'WBLZ', 'WEVT', 'WEVT_ROWT', 'WIND', 'WIND_BZ', 'WTTR', 'WTTR_ROWT', 'ZEP1', 'ZEP1_ROWS', 'ZEP2', 'ZEP2_ROWS', 'VARA']
2024-12-19 18:20:39,283 ; PT3S       ; DEBUG   ; Dx.__init__: viewNames: ['VIEW_MODELLE', 'VCIRC', 'VFWES', 'VFWVB', 'VFWWU', 'VGTXT', 'VKLAP', 'VKNOT', 'VPLYG', 'VPUMP', 'VROHR', 'VVENT']
2024-12-19 18:20:39,286 ; PT3S       ; DEBUG   ; Dx.__init__: pair-tables: pairType: _BZ:
2024-12-19 18:20:39,292 ; PT3S       ; DEBUG   ; Dx.__init__: BV: ALLG         BVZ: ALLG_BZ      V: V_BVZ_ALLG      constructed with        1 rows and  44 cols.
2024-12-19 18:20:39,306 ; PT3S       ; DEBUG   ; Dx.__init__: BV: BEVE         BVZ: BEVE_BZ      V: V_BVZ_BEVE      constructed with        1 rows and  76 cols.
2024-12-19 18:20:39,315 ; PT3S       ; DEBUG   ; Dx.__init__: BV: BEWI         BVZ: BEWI_BZ      V: V_BVZ_BEWI      constructed with        1 rows and  75 cols.
2024-12-19 18:20:39,321 ; PT3S       ; DEBUG   ; Dx.__init__: BV: BZAG         BVZ: BZAG_BZ      V: V_BVZ_BZAG      constructed with        1 rows and  26 cols.
2024-12-19 18:20:39,325 ; PT3S       ; DEBUG   ; Dx.__init__: BV: DPGR         BVZ: DPGR_BZ      V: V_BVZ_DPGR      constructed with       14 rows and  32 cols.
2024-12-19 18:20:39,341 ; PT3S       ; DEBUG   ; Dx.__init__: BV: DPKT         BVZ: DPKT_BZ      V: V_BVZ_DPKT      constructed with      635 rows and  49 cols.
2024-12-19 18:20:39,352 ; PT3S       ; DEBUG   ; Dx.__init__: BV: DPRG         BVZ: DPRG_BZ      V: V_BVZ_DPRG      constructed with        1 rows and  72 cols.
2024-12-19 18:20:39,357 ; PT3S       ; DEBUG   ; Dx.__init__: BV: EBES         BVZ: EBES_BZ      V: V_BVZ_EBES      constructed with        1 rows and  43 cols.
2024-12-19 18:20:39,365 ; PT3S       ; DEBUG   ; Dx.__init__: BV: FKNL         BVZ: FKNL_BZ      V: V_BVZ_FKNL      constructed with        1 rows and  69 cols.
2024-12-19 18:20:39,372 ; PT3S       ; DEBUG   ; Dx.__init__: BV: FQPS         BVZ: FQPS_BZ      V: V_BVZ_FQPS      constructed with        1 rows and  71 cols.
2024-12-19 18:20:39,382 ; PT3S       ; DEBUG   ; Dx.__init__: BV: FWEA         BVZ: FWEA_BZ      V: V_BVZ_FWEA      constructed with        1 rows and 134 cols.
2024-12-19 18:20:39,391 ; PT3S       ; DEBUG   ; Dx.__init__: BV: FWES         BVZ: FWES_BZ      V: V_BVZ_FWES      constructed with        2 rows and  60 cols.
2024-12-19 18:20:39,417 ; PT3S       ; DEBUG   ; Dx.__init__: BV: FWVB         BVZ: FWVB_BZ      V: V_BVZ_FWVB      constructed with      339 rows and  83 cols.
2024-12-19 18:20:39,426 ; PT3S       ; DEBUG   ; Dx.__init__: BV: FWWU         BVZ: FWWU_BZ      V: V_BVZ_FWWU      constructed with        1 rows and  80 cols.
2024-12-19 18:20:39,436 ; PT3S       ; DEBUG   ; Dx.__init__: BV: GVWK         BVZ: GVWK_BZ      V: V_BVZ_GVWK      constructed with        1 rows and  67 cols.
2024-12-19 18:20:39,441 ; PT3S       ; DEBUG   ; Dx.__init__: BV: HYDR         BVZ: HYDR_BZ      V: V_BVZ_HYDR      constructed with        1 rows and  58 cols.
2024-12-19 18:20:39,450 ; PT3S       ; DEBUG   ; Dx.__init__: BV: KLAP         BVZ: KLAP_BZ      V: V_BVZ_KLAP      constructed with        3 rows and  56 cols.
2024-12-19 18:20:39,472 ; PT3S       ; DEBUG   ; Dx.__init__: BV: KNOT         BVZ: KNOT_BZ      V: V_BVZ_KNOT      constructed with      520 rows and  65 cols.
2024-12-19 18:20:39,478 ; PT3S       ; DEBUG   ; Dx.__init__: BV: KOMP         BVZ: KOMP_BZ      V: V_BVZ_KOMP      constructed with        1 rows and  80 cols.
2024-12-19 18:20:39,483 ; PT3S       ; DEBUG   ; Dx.__init__: BV: LFAL         BVZ: LFAL_BZ      V: V_BVZ_LFAL      constructed with        1 rows and  25 cols.
2024-12-19 18:20:39,491 ; PT3S       ; DEBUG   ; Dx.__init__: BV: MREG         BVZ: MREG_BZ      V: V_BVZ_MREG      constructed with        1 rows and  73 cols.
2024-12-19 18:20:39,498 ; PT3S       ; DEBUG   ; Dx.__init__: BV: NSCH         BVZ: NSCH_BZ      V: V_BVZ_NSCH      constructed with        1 rows and  46 cols.
2024-12-19 18:20:39,506 ; PT3S       ; DEBUG   ; Dx.__init__: BV: OBEH         BVZ: OBEH_BZ      V: V_BVZ_OBEH      constructed with        1 rows and  75 cols.
2024-12-19 18:20:39,509 ; PT3S       ; DEBUG   ; Dx.__init__: BV: PARI         BVZ: PARI_BZ      V: V_BVZ_PARI      constructed with        1 rows and  31 cols.
2024-12-19 18:20:39,512 ; PT3S       ; DEBUG   ; Dx.__init__: BV: PARZ         BVZ: PARZ_BZ      V: V_BVZ_PARZ      constructed with        1 rows and  28 cols.
2024-12-19 18:20:39,522 ; PT3S       ; DEBUG   ; Dx.__init__: BV: PGRP         BVZ: PGRP_BZ      V: V_BVZ_PGRP      constructed with        2 rows and  61 cols.
2024-12-19 18:20:39,525 ; PT3S       ; DEBUG   ; Dx.__init__: BV: PGRP_PUMP    BVZ: PGRP_PUMP_BZ V: V_BVZ_PGRP_PUMP constructed with        2 rows and  26 cols.
2024-12-19 18:20:39,534 ; PT3S       ; DEBUG   ; Dx.__init__: BV: PHTR         BVZ: PHTR_BZ      V: V_BVZ_PHTR      constructed with        1 rows and  65 cols.
2024-12-19 18:20:39,540 ; PT3S       ; DEBUG   ; Dx.__init__: BV: PREG         BVZ: PREG_BZ      V: V_BVZ_PREG      constructed with        1 rows and  71 cols.
2024-12-19 18:20:39,556 ; PT3S       ; DEBUG   ; Dx.__init__: BV: PUMP         BVZ: PUMP_BZ      V: V_BVZ_PUMP      constructed with        2 rows and 142 cols.
2024-12-19 18:20:39,559 ; PT3S       ; DEBUG   ; Dx.__init__: BV: PZVR         BVZ: PZVR_BZ      V: V_BVZ_PZVR      constructed with        1 rows and  30 cols.
2024-12-19 18:20:39,568 ; PT3S       ; DEBUG   ; Dx.__init__: BV: RADD         BVZ: RADD_BZ      V: V_BVZ_RADD      constructed with        1 rows and  55 cols.
2024-12-19 18:20:39,571 ; PT3S       ; DEBUG   ; Dx.__init__: BV: RART         BVZ: RART_BZ      V: V_BVZ_RART      constructed with        3 rows and  35 cols.
2024-12-19 18:20:39,578 ; PT3S       ; DEBUG   ; Dx.__init__: BV: RDIV         BVZ: RDIV_BZ      V: V_BVZ_RDIV      constructed with        1 rows and  43 cols.
2024-12-19 18:20:39,588 ; PT3S       ; DEBUG   ; Dx.__init__: BV: REGV         BVZ: REGV_BZ      V: V_BVZ_REGV      constructed with        1 rows and  68 cols.
2024-12-19 18:20:39,594 ; PT3S       ; DEBUG   ; Dx.__init__: BV: RFKT         BVZ: RFKT_BZ      V: V_BVZ_RFKT      constructed with        3 rows and  44 cols.
2024-12-19 18:20:39,604 ; PT3S       ; DEBUG   ; Dx.__init__: BV: RHYS         BVZ: RHYS_BZ      V: V_BVZ_RHYS      constructed with        1 rows and  58 cols.
2024-12-19 18:20:39,610 ; PT3S       ; DEBUG   ; Dx.__init__: BV: RINT         BVZ: RINT_BZ      V: V_BVZ_RINT      constructed with        1 rows and  56 cols.
2024-12-19 18:20:39,618 ; PT3S       ; DEBUG   ; Dx.__init__: BV: RLSR         BVZ: RLSR_BZ      V: V_BVZ_RLSR      constructed with        1 rows and  54 cols.
2024-12-19 18:20:39,626 ; PT3S       ; DEBUG   ; Dx.__init__: BV: RLVG         BVZ: RLVG_BZ      V: V_BVZ_RLVG      constructed with        2 rows and  42 cols.
2024-12-19 18:20:39,639 ; PT3S       ; DEBUG   ; Dx.__init__: BV: RMES         BVZ: RMES_BZ      V: V_BVZ_RMES      constructed with        4 rows and  52 cols.
2024-12-19 18:20:39,641 ; PT3S       ; DEBUG   ; Dx.__init__: BV: RMES_DPTS    BVZ: RMES_DPTS_BZ V: V_BVZ_RMES_DPTS constructed with        5 rows and  29 cols.
2024-12-19 18:20:39,648 ; PT3S       ; DEBUG   ; Dx.__init__: BV: RMMA         BVZ: RMMA_BZ      V: V_BVZ_RMMA      constructed with        1 rows and  55 cols.
2024-12-19 18:20:39,654 ; PT3S       ; DEBUG   ; Dx.__init__: BV: RMUL         BVZ: RMUL_BZ      V: V_BVZ_RMUL      constructed with        1 rows and  56 cols.
2024-12-19 18:20:39,678 ; PT3S       ; DEBUG   ; Dx.__init__: BV: ROHR         BVZ: ROHR_BZ      V: V_BVZ_ROHR      constructed with      527 rows and  74 cols.
2024-12-19 18:20:39,685 ; PT3S       ; DEBUG   ; Dx.__init__: BV: RPID         BVZ: RPID_BZ      V: V_BVZ_RPID      constructed with        1 rows and  63 cols.
2024-12-19 18:20:39,768 ; PT3S       ; DEBUG   ; Dx.__init__: BV: RPT1         BVZ: RPT1_BZ      V: V_BVZ_RPT1      constructed with        1 rows and  56 cols.
2024-12-19 18:20:39,776 ; PT3S       ; DEBUG   ; Dx.__init__: BV: RSLW         BVZ: RSLW_BZ      V: V_BVZ_RSLW      constructed with        5 rows and  50 cols.
2024-12-19 18:20:39,785 ; PT3S       ; DEBUG   ; Dx.__init__: BV: RSTE         BVZ: RSTE_BZ      V: V_BVZ_RSTE      constructed with        1 rows and 104 cols.
2024-12-19 18:20:39,796 ; PT3S       ; DEBUG   ; Dx.__init__: BV: RSTN         BVZ: RSTN_BZ      V: V_BVZ_RSTN      constructed with        8 rows and  77 cols.
2024-12-19 18:20:39,804 ; PT3S       ; DEBUG   ; Dx.__init__: BV: RTOT         BVZ: RTOT_BZ      V: V_BVZ_RTOT      constructed with        1 rows and  55 cols.
2024-12-19 18:20:39,810 ; PT3S       ; DEBUG   ; Dx.__init__: BV: RUES         BVZ: RUES_BZ      V: V_BVZ_RUES      constructed with       25 rows and  43 cols.
2024-12-19 18:20:39,819 ; PT3S       ; DEBUG   ; Dx.__init__: BV: SIVE         BVZ: SIVE_BZ      V: V_BVZ_SIVE      constructed with        1 rows and  70 cols.
2024-12-19 18:20:39,825 ; PT3S       ; DEBUG   ; Dx.__init__: BV: STRO         BVZ: STRO_BZ      V: V_BVZ_STRO      constructed with        1 rows and  72 cols.
2024-12-19 18:20:39,836 ; PT3S       ; DEBUG   ; Dx.__init__: BV: VENT         BVZ: VENT_BZ      V: V_BVZ_VENT      constructed with       12 rows and  69 cols.
2024-12-19 18:20:39,843 ; PT3S       ; DEBUG   ; Dx.__init__: BV: WIND         BVZ: WIND_BZ      V: V_BVZ_WIND      constructed with        1 rows and  76 cols.
2024-12-19 18:20:39,843 ; PT3S       ; DEBUG   ; Dx.__init__: pair-tables: pairType: _ROWS:
2024-12-19 18:20:39,850 ; PT3S       ; DEBUG   ; Dx.__init__: BV: ANTP         BVZ: ANTP_ROWS    V: V_BVZ_ANTP      constructed with        1 rows and  43 cols.
2024-12-19 18:20:39,854 ; PT3S       ; DEBUG   ; Dx.__init__: BV: AVOS         BVZ: AVOS_ROWS    V: V_BVZ_AVOS      constructed with        3 rows and  43 cols.
2024-12-19 18:20:39,860 ; PT3S       ; DEBUG   ; Dx.__init__: BV: ETAM         BVZ: ETAM_ROWS    V: V_BVZ_ETAM      constructed with        7 rows and  43 cols.
2024-12-19 18:20:39,865 ; PT3S       ; DEBUG   ; Dx.__init__: BV: ETAR         BVZ: ETAR_ROWS    V: V_BVZ_ETAR      constructed with        7 rows and  43 cols.
2024-12-19 18:20:39,869 ; PT3S       ; DEBUG   ; Dx.__init__: BV: ETAU         BVZ: ETAU_ROWS    V: V_BVZ_ETAU      constructed with        7 rows and  43 cols.
2024-12-19 18:20:39,874 ; PT3S       ; DEBUG   ; Dx.__init__: BV: KOMK         BVZ: KOMK_ROWS    V: V_BVZ_KOMK      constructed with        1 rows and  53 cols.
2024-12-19 18:20:39,887 ; PT3S       ; DEBUG   ; Dx.__init__: BV: MAPG         BVZ: MAPG_ROWS    V: V_BVZ_MAPG      constructed with        3 rows and  60 cols.
2024-12-19 18:20:39,892 ; PT3S       ; DEBUG   ; Dx.__init__: BV: PHI2         BVZ: PHI2_ROWS    V: V_BVZ_PHI2      constructed with        4 rows and  44 cols.
2024-12-19 18:20:39,898 ; PT3S       ; DEBUG   ; Dx.__init__: BV: PHIV         BVZ: PHIV_ROWS    V: V_BVZ_PHIV      constructed with        9 rows and  43 cols.
2024-12-19 18:20:39,904 ; PT3S       ; DEBUG   ; Dx.__init__: BV: PUMK         BVZ: PUMK_ROWS    V: V_BVZ_PUMK      constructed with        8 rows and  49 cols.
2024-12-19 18:20:39,908 ; PT3S       ; DEBUG   ; Dx.__init__: BV: RPLAN        BVZ: RPLAN_ROWS   V: V_BVZ_RPLAN     constructed with        1 rows and  54 cols.
2024-12-19 18:20:39,914 ; PT3S       ; DEBUG   ; Dx.__init__: BV: SRAT         BVZ: SRAT_ROWS    V: V_BVZ_SRAT      constructed with        1 rows and  44 cols.
2024-12-19 18:20:39,921 ; PT3S       ; DEBUG   ; Dx.__init__: BV: STOF         BVZ: STOF_ROWS    V: V_BVZ_STOF      constructed with      201 rows and  47 cols.
2024-12-19 18:20:39,928 ; PT3S       ; DEBUG   ; Dx.__init__: BV: TFKT         BVZ: TFKT_ROWS    V: V_BVZ_TFKT      constructed with      423 rows and  43 cols.
2024-12-19 18:20:39,934 ; PT3S       ; DEBUG   ; Dx.__init__: BV: TRFT         BVZ: TRFT_ROWS    V: V_BVZ_TRFT      constructed with        2 rows and  43 cols.
2024-12-19 18:20:39,940 ; PT3S       ; DEBUG   ; Dx.__init__: BV: VARA         BVZ: VARA_ROWS    V: V_BVZ_VARA      constructed with       16 rows and  63 cols.
2024-12-19 18:20:39,945 ; PT3S       ; DEBUG   ; Dx.__init__: BV: ZEP1         BVZ: ZEP1_ROWS    V: V_BVZ_ZEP1      constructed with       21 rows and  46 cols.
2024-12-19 18:20:39,952 ; PT3S       ; DEBUG   ; Dx.__init__: BV: ZEP2         BVZ: ZEP2_ROWS    V: V_BVZ_ZEP2      constructed with       42 rows and  48 cols.
2024-12-19 18:20:39,952 ; PT3S       ; DEBUG   ; Dx.__init__: pair-tables: pairType: _ROWT:
2024-12-19 18:20:39,957 ; PT3S       ; DEBUG   ; Dx.__init__: BV: LFKT         BVZ: LFKT_ROWT    V: V_BVZ_LFKT      constructed with        5 rows and  38 cols.
2024-12-19 18:20:39,961 ; PT3S       ; DEBUG   ; Dx.__init__: BV: PHI1         BVZ: PHI1_ROWT    V: V_BVZ_PHI1      constructed with        2 rows and  38 cols.
2024-12-19 18:20:39,967 ; PT3S       ; DEBUG   ; Dx.__init__: BV: PUMD         BVZ: PUMD_ROWT    V: V_BVZ_PUMD      constructed with        2 rows and  38 cols.
2024-12-19 18:20:39,972 ; PT3S       ; DEBUG   ; Dx.__init__: BV: PVAR         BVZ: PVAR_ROWT    V: V_BVZ_PVAR      constructed with        1 rows and  38 cols.
2024-12-19 18:20:39,976 ; PT3S       ; DEBUG   ; Dx.__init__: BV: QVAR         BVZ: QVAR_ROWT    V: V_BVZ_QVAR      constructed with        1 rows and  38 cols.
2024-12-19 18:20:39,980 ; PT3S       ; DEBUG   ; Dx.fHelperCONTetc: pairType ROWT: df RCPL hat keine Spalte ZEIT? Keine Sortierung nach Zeit.
2024-12-19 18:20:39,981 ; PT3S       ; DEBUG   ; Dx.__init__: BV: RCPL         BVZ: RCPL_ROWT    V: V_BVZ_RCPL      constructed with        3 rows and  13 cols.
2024-12-19 18:20:40,037 ; PT3S       ; DEBUG   ; Dx.__init__: BV: SWVT         BVZ: SWVT_ROWT    V: V_BVZ_SWVT      constructed with    17617 rows and  38 cols.
2024-12-19 18:20:40,042 ; PT3S       ; DEBUG   ; Dx.__init__: BV: TEVT         BVZ: TEVT_ROWT    V: V_BVZ_TEVT      constructed with        2 rows and  38 cols.
2024-12-19 18:20:40,046 ; PT3S       ; DEBUG   ; Dx.__init__: BV: WEVT         BVZ: WEVT_ROWT    V: V_BVZ_WEVT      constructed with        1 rows and  38 cols.
2024-12-19 18:20:40,051 ; PT3S       ; DEBUG   ; Dx.__init__: BV: WTTR         BVZ: WTTR_ROWT    V: V_BVZ_WTTR      constructed with        0 rows and  45 cols.
2024-12-19 18:20:40,052 ; PT3S       ; DEBUG   ; Dx.__init__: pair-tables: pairType: _ROWD:
2024-12-19 18:20:40,057 ; PT3S       ; DEBUG   ; Dx.__init__: BV: DTRO         BVZ: DTRO_ROWD    V: V_BVZ_DTRO      constructed with       73 rows and  55 cols.
2024-12-19 18:20:40,057 ; PT3S       ; DEBUG   ; Dx.__init__: tables which are not pair-tables:
2024-12-19 18:20:40,058 ; PT3S       ; DEBUG   ; Dx.__init__: table: AB_DEF           V: V_AB_DEF             constructed with        1 rows and  16 cols.
2024-12-19 18:20:40,060 ; PT3S       ; DEBUG   ; Dx.__init__: table: AGSN             V: V_AGSN               constructed with        4 rows and  37 cols.
2024-12-19 18:20:40,065 ; PT3S       ; DEBUG   ; Dx.__init__: table: ARRW             V: V_ARRW               constructed with        1 rows and  52 cols.
2024-12-19 18:20:40,068 ; PT3S       ; DEBUG   ; Dx.__init__: table: ATMO             V: V_ATMO               constructed with        2 rows and  37 cols.
2024-12-19 18:20:40,069 ; PT3S       ; DEBUG   ; Dx.__init__: table: BENUTZER         V: V_BENUTZER           constructed with        0 rows and  26 cols.
2024-12-19 18:20:40,072 ; PT3S       ; DEBUG   ; Dx.__init__: table: BREF             V: V_BREF               constructed with        1 rows and  52 cols.
2024-12-19 18:20:40,078 ; PT3S       ; DEBUG   ; Dx.__init__: table: CIRC             V: V_CIRC               constructed with        4 rows and  52 cols.
2024-12-19 18:20:40,081 ; PT3S       ; DEBUG   ; Dx.__init__: table: CONT             V: V_CONT               constructed with        7 rows and  41 cols.
2024-12-19 18:20:40,089 ; PT3S       ; DEBUG   ; Dx.__init__: table: CRGL             V: V_CRGL               constructed with       33 rows and  53 cols.
2024-12-19 18:20:40,090 ; PT3S       ; DEBUG   ; Dx.__init__: table: DATENEBENE       V: V_DATENEBENE         constructed with        4 rows and  11 cols.
2024-12-19 18:20:40,093 ; PT3S       ; DEBUG   ; Dx.__init__: table: DPGR_DPKT        V: V_DPGR_DPKT          constructed with      693 rows and  34 cols.
2024-12-19 18:20:40,094 ; PT3S       ; DEBUG   ; Dx.__init__: table: DRNP             V: V_DRNP               constructed with        2 rows and  38 cols.
2024-12-19 18:20:40,098 ; PT3S       ; DEBUG   ; Dx.__init__: table: ELEMENTQUERY     V: V_ELEMENTQUERY       constructed with       50 rows and  36 cols.
2024-12-19 18:20:40,102 ; PT3S       ; DEBUG   ; Dx.__init__: table: FSTF             V: V_FSTF               constructed with        2 rows and  51 cols.
2024-12-19 18:20:40,104 ; PT3S       ; DEBUG   ; Dx.__init__: table: FWBZ             V: V_FWBZ               constructed with        2 rows and  40 cols.
2024-12-19 18:20:40,105 ; PT3S       ; DEBUG   ; Dx.__init__: table: GEOMETRY_COLUMNS V: V_GEOMETRY_COLUMNS   constructed with       11 rows and   7 cols.
2024-12-19 18:20:40,108 ; PT3S       ; DEBUG   ; Dx.__init__: table: GKMP             V: V_GKMP               constructed with        1 rows and  55 cols.
2024-12-19 18:20:40,110 ; PT3S       ; DEBUG   ; Dx.__init__: table: GMIX             V: V_GMIX               constructed with        1 rows and  80 cols.
2024-12-19 18:20:40,113 ; PT3S       ; DEBUG   ; Dx.__init__: table: GRAV             V: V_GRAV               constructed with        2 rows and  35 cols.
2024-12-19 18:20:40,120 ; PT3S       ; DEBUG   ; Dx.__init__: table: GTXT             V: V_GTXT               constructed with        2 rows and  54 cols.
2024-12-19 18:20:40,123 ; PT3S       ; DEBUG   ; Dx.__init__: table: HAUS             V: V_HAUS               constructed with        1 rows and  43 cols.
2024-12-19 18:20:40,125 ; PT3S       ; DEBUG   ; Dx.__init__: table: LAYR             V: V_LAYR               constructed with       10 rows and  38 cols.
2024-12-19 18:20:40,127 ; PT3S       ; DEBUG   ; Dx.__init__: table: LTGR             V: V_LTGR               constructed with        3 rows and  38 cols.
2024-12-19 18:20:40,127 ; PT3S       ; DEBUG   ; Dx.__init__: table: MODELL           V: V_MODELL             constructed with        1 rows and  18 cols.
2024-12-19 18:20:40,138 ; PT3S       ; DEBUG   ; Dx.__init__: table: NRCV             V: V_NRCV               constructed with       27 rows and  61 cols.
2024-12-19 18:20:40,142 ; PT3S       ; DEBUG   ; Dx.__init__: table: OVAL             V: V_OVAL               constructed with        1 rows and  52 cols.
2024-12-19 18:20:40,144 ; PT3S       ; DEBUG   ; Dx.__init__: table: PARV             V: V_PARV               constructed with        2 rows and  45 cols.
2024-12-19 18:20:40,146 ; PT3S       ; DEBUG   ; Dx.__init__: table: PGPR             V: V_PGPR               constructed with        2 rows and  36 cols.
2024-12-19 18:20:40,160 ; PT3S       ; DEBUG   ; Dx.__init__: table: PLYG             V: V_PLYG               constructed with      338 rows and  53 cols.
2024-12-19 18:20:40,163 ; PT3S       ; DEBUG   ; Dx.__init__: table: POLY             V: V_POLY               constructed with        1 rows and  53 cols.
2024-12-19 18:20:40,165 ; PT3S       ; DEBUG   ; Dx.__init__: table: PROZESSE         V: V_PROZESSE           constructed with        0 rows and  21 cols.
2024-12-19 18:20:40,168 ; PT3S       ; DEBUG   ; Dx.__init__: table: PZON             V: V_PZON               constructed with        2 rows and  43 cols.
2024-12-19 18:20:40,179 ; PT3S       ; DEBUG   ; Dx.__init__: table: RCON             V: V_RCON               constructed with        2 rows and  35 cols.
2024-12-19 18:20:40,184 ; PT3S       ; DEBUG   ; Dx.__init__: table: RECT             V: V_RECT               constructed with        1 rows and  52 cols.
2024-12-19 18:20:40,186 ; PT3S       ; DEBUG   ; Dx.__init__: table: REGP             V: V_REGP               constructed with        2 rows and  34 cols.
2024-12-19 18:20:40,188 ; PT3S       ; DEBUG   ; Dx.__init__: table: ROHR_VRTX        V: V_ROHR_VRTX          constructed with        1 rows and  36 cols.
2024-12-19 18:20:40,194 ; PT3S       ; DEBUG   ; Dx.__init__: table: RPFL             V: V_RPFL               constructed with        3 rows and  52 cols.
2024-12-19 18:20:40,198 ; PT3S       ; DEBUG   ; Dx.__init__: table: RRCT             V: V_RRCT               constructed with        1 rows and  52 cols.
2024-12-19 18:20:40,208 ; PT3S       ; DEBUG   ; Dx.__init__: table: SIRGRAF          V: V_SIRGRAF            constructed with        2 rows and  67 cols.
2024-12-19 18:20:40,211 ; PT3S       ; DEBUG   ; Dx.__init__: table: SOKO             V: V_SOKO               constructed with       26 rows and  69 cols.
2024-12-19 18:20:40,214 ; PT3S       ; DEBUG   ; Dx.__init__: table: SPLZ             V: V_SPLZ               constructed with        4 rows and  44 cols.
2024-12-19 18:20:40,217 ; PT3S       ; DEBUG   ; Dx.__init__: table: STRASSE          V: V_STRASSE            constructed with       21 rows and  37 cols.
2024-12-19 18:20:40,218 ; PT3S       ; DEBUG   ; Dx.__init__: table: SYSTEMKONFIG     V: V_SYSTEMKONFIG       constructed with        4 rows and   4 cols.
2024-12-19 18:20:40,220 ; PT3S       ; DEBUG   ; Dx.__init__: table: TIMD             V: V_TIMD               constructed with        2 rows and  40 cols.
2024-12-19 18:20:40,221 ; PT3S       ; DEBUG   ; Dx.__init__: table: TRVA             V: V_TRVA               constructed with        2 rows and  45 cols.
2024-12-19 18:20:40,223 ; PT3S       ; DEBUG   ; Dx.__init__: table: UTMP             V: V_UTMP               constructed with        2 rows and  35 cols.
2024-12-19 18:20:40,225 ; PT3S       ; DEBUG   ; Dx.__init__: table: VARA             V: V_VARA               constructed with        8 rows and  35 cols.
2024-12-19 18:20:40,228 ; PT3S       ; DEBUG   ; Dx.__init__: table: VERB             V: V_VERB               constructed with        2 rows and  74 cols.
2024-12-19 18:20:40,237 ; PT3S       ; DEBUG   ; Dx.__init__: table: VKNO             V: V_VKNO               constructed with        7 rows and  54 cols.
2024-12-19 18:20:40,239 ; PT3S       ; DEBUG   ; Dx.__init__: table: VRCT             V: V_VRCT               constructed with        1 rows and  37 cols.
2024-12-19 18:20:40,242 ; PT3S       ; DEBUG   ; Dx.__init__: table: WBLZ             V: V_WBLZ               constructed with        2 rows and  39 cols.
2024-12-19 18:20:40,243 ; PT3S       ; DEBUG   ; Dx._dfLAYR: Start.
2024-12-19 18:20:40,243 ; PT3S       ; DEBUG   ; dxDecodeObjsData.Layr: Start.
2024-12-19 18:20:40,426 ; PT3S       ; DEBUG   ; dxDecodeObjsData.Layr: _Done.
2024-12-19 18:20:40,427 ; PT3S       ; DEBUG   ; Dx._dfLAYR: _Done.
2024-12-19 18:20:40,427 ; PT3S       ; DEBUG   ; Dx.__init__: expanding V_BVZ_ROHR with NAME_DTRO, DN, DI, DA, S, KT, PN, Am2, Vm3 ...
2024-12-19 18:20:40,439 ; PT3S       ; DEBUG   ; Dx.__init__: expanding V_BVZ_ROHR: rows before: 527 rows now: 527
2024-12-19 18:20:40,439 ; PT3S       ; DEBUG   ; Dx.__init__: V3_ROHR: expanding V_BVZ_ROHR with  NAME_LTGR, NAME_STRASSE, tk_i, NAME_i, tk_k, NAME_k ...
2024-12-19 18:20:40,444 ; PT3S       ; DEBUG   ; Dx.__init__: V3_SWVT: expanding V_BVZ_SWVT ...
2024-12-19 18:20:40,466 ; PT3S       ; DEBUG   ; Dx.__init__: V3_ROWT: combining ROWT_tables like V_BVZ_LFKT, V_BVZ_PVAR, ...
2024-12-19 18:20:40,486 ; PT3S       ; DEBUG   ; Dx.__init__: V3_TFKT: ...
2024-12-19 18:20:40,489 ; PT3S       ; DEBUG   ; Dx.__init__: V3_RSLW_SWVT: combining RSLW and SWVT ...
2024-12-19 18:20:40,508 ; PT3S       ; DEBUG   ; Dx.__init__: V3_KNOT: expanding V_BVZ_KNOT with NAME_LFKT, NAME_PVAR, NAME_PZON,NAME_QVAR,NAME_UTMP,NAME_FSTF,NAME_FQPS ...
2024-12-19 18:20:40,523 ; PT3S       ; DEBUG   ; Dx.__init__: V3_FWVB: expanding V_BVZ_FWVB with NAME_LFKT, NAME_ZEP1VL, NAME_ZEP1RL, NAME_TEVT, NAME_TRFT, tk_i, NAME_i, tk_k, NAME_k, ...
2024-12-19 18:20:40,535 ; PT3S       ; DEBUG   ; Dx.__init__: V3_:ROHR,KNOT,FWVB: filterTemplateObjects ...
2024-12-19 18:20:40,536 ; PT3S       ; DEBUG   ; Dx._filterTemplateObjects: Start.
2024-12-19 18:20:40,537 ; PT3S       ; DEBUG   ; Dx._filterTemplateObjects: V3_KNOT: Zeilen vorher: 520 Zeilen jetzt: 517
2024-12-19 18:20:40,538 ; PT3S       ; DEBUG   ; Dx._filterTemplateObjects: V3_ROHR: Zeilen vorher: 524 Zeilen jetzt: 524
2024-12-19 18:20:40,538 ; PT3S       ; DEBUG   ; Dx._filterTemplateObjects: V3_FWVB: Zeilen vorher: 338 Zeilen jetzt: 338
2024-12-19 18:20:40,539 ; PT3S       ; DEBUG   ; Dx._filterTemplateObjects: _Done.
2024-12-19 18:20:40,539 ; PT3S       ; DEBUG   ; Dx.__init__: V3_VBEL: ...
2024-12-19 18:20:40,558 ; PT3S       ; DEBUG   ; Dx.__init__: FWES final in V3_VBEL-View (2,299) ...
2024-12-19 18:20:40,566 ; PT3S       ; DEBUG   ; Dx.__init__: FWVB final in V3_VBEL-View (338,322) ...
2024-12-19 18:20:40,574 ; PT3S       ; DEBUG   ; Dx.__init__: KLAP final in V3_VBEL-View (3,295) ...
2024-12-19 18:20:40,594 ; PT3S       ; DEBUG   ; Dx.__init__: PGRP final in V3_VBEL-View (2,300) ...
2024-12-19 18:20:40,613 ; PT3S       ; DEBUG   ; Dx.__init__: PUMP final in V3_VBEL-View (2,381) ...
2024-12-19 18:20:40,632 ; PT3S       ; DEBUG   ; Dx.__init__: ROHR final in V3_VBEL-View (524,322) ...
2024-12-19 18:20:40,646 ; PT3S       ; DEBUG   ; Dx.__init__: VENT final in V3_VBEL-View (12,308) ...
2024-12-19 18:20:40,859 ; PT3S       ; DEBUG   ; Dx.__init__: V3_DPKT ...
2024-12-19 18:20:40,871 ; PT3S       ; DEBUG   ; Dx.__init__: V3_RKNOT ...
2024-12-19 18:20:40,892 ; PT3S       ; DEBUG   ; Dx.__init__: V3_RRUES ...
2024-12-19 18:20:40,919 ; PT3S       ; DEBUG   ; Dx.__init__: V3_RVBEL ...
2024-12-19 18:20:40,925 ; PT3S       ; DEBUG   ; Dx.__init__: _Done.#########
2024-12-19 18:20:40,929 ; PT3S       ; DEBUG   ; dxAndMxHelperFcts.readDxAndMx: detecting MX-Source for dx.dbFile (abspath) c:\users\wolters\3s\pt3s\Examples\Example3.db3 ...
2024-12-19 18:20:40,929 ; PT3S       ; DEBUG   ; dxAndMxHelperFcts.readDxAndMx: wDir from dbFile: .\WDExample3
2024-12-19 18:20:40,929 ; PT3S       ; DEBUG   ; dxAndMxHelperFcts.readDxAndMx: abspath of wDir from dbFile: c:\users\wolters\3s\pt3s\Examples\WDExample3
2024-12-19 18:20:40,929 ; PT3S       ; DEBUG   ; dxAndMxHelperFcts.readDxAndMx: wDirMx from abspath of wDir from dbFile: c:\users\wolters\3s\pt3s\Examples\WDExample3\B1\V0\BZ1
2024-12-19 18:20:40,930 ; PT3S       ; DEBUG   ; dxAndMxHelperFcts.readDxAndMx: mx1File: ..\Examples\WDExample3\B1\V0\BZ1\M-1-0-1.1.MX1
2024-12-19 18:20:40,930 ; PT3S       ; DEBUG   ; dxAndMxHelperFcts.readDxAndMx: corresponding dbFileMxPkl-File: ..\Examples\Example3-mx-_Examples_WDExample3_B1_V0_BZ1_M_1_0_1_1_MX1.pkl
2024-12-19 18:20:40,932 ; PT3S       ; INFO    ; dxAndMxHelperFcts.readDxAndMx: 
+..\Examples\Example3.db3 is newer than
+..\Examples\WDExample3\B1\V0\BZ1\M-1-0-1.1.MX1:
+SIR 3S' dbFile is newer than SIR 3S' mx1File
+in this case the results are maybe dated or (worse) incompatible to the model
2024-12-19 18:20:40,932 ; PT3S       ; INFO    ; dxAndMxHelperFcts.readDxAndMx: 
+..\Examples\WDExample3\B1\V0\BZ1\M-1-0-1.XML is newer than
+..\Examples\WDExample3\B1\V0\BZ1\M-1-0-1.1.MX1:
+SirCalc's xmlFile is newer than SIR 3S' mx1File
+in this case the results are maybe dated or (worse) incompatible to the model
2024-12-19 18:20:41,193 ; PT3S       ; INFO    ; dxAndMxHelperFcts.readDxAndMx: running C:\\3S\Sir3s\SirCalc-90-14-02-10_Potsdam\SirCalc.exe ...
2024-12-19 18:20:46,369 ; PT3S       ; DEBUG   ; Mx.__init__: Start.#########
2024-12-19 18:20:46,370 ; PT3S       ; DEBUG   ; Mx._initWithMx1: Start.
2024-12-19 18:20:46,370 ; PT3S       ; DEBUG   ; Mx._parseMx1: Start.
2