2024-07-23 15:21:27,859 ; PT3S                                                         ; DEBUG   ; dxAndMxHelperFcts.readDxAndMx: Start.
2024-07-23 15:21:27,860 ; PT3S                                                         ; DEBUG   ; Dx.__init__: Start.#########
2024-07-23 15:21:27,860 ; PT3S                                                         ; DEBUG   ; Dx.__init__: dbFile: c:\users\wolters\3s\pt3s/Examples/Wärmenetz-Planungsbeispiel.db3: Not existing! Suche im uebergeordneten Verz. ...
2024-07-23 15:21:27,860 ; PT3S                                                         ; ERROR   ; Dx.__init__: Exception: Line: 234: <class 'Dx.DxError'>: 'Dx.__init__: dbFile: c:\\users\\wolters\\3s\\pt3s/Examples/Wärmenetz-Planungsbeispiel.db3: Not existing!'
2024-07-23 15:21:27,862 ; PT3S                                                         ; DEBUG   ; Dx.__init__: _Done.#########
2024-07-23 15:21:27,862 ; PT3S                                                         ; ERROR   ; dxAndMxHelperFcts.readDxAndMx: Exception: Line: 774: <class 'dxAndMxHelperFcts.readDxAndMxError'>: 'dxAndMxHelperFcts.readDxAndMx: dbFile: ..\\Examples\\Wärmenetz-Planungsbeispiel.db3: DxError!'
2024-07-23 15:21:27,864 ; PT3S                                                         ; DEBUG   ; dxAndMxHelperFcts.readDxAndMx: _Done.
2024-07-23 15:22:02,528 ; PT3S                                                         ; DEBUG   ; dxAndMxHelperFcts.readDxAndMx: Start.
2024-07-23 15:22:02,528 ; PT3S                                                         ; DEBUG   ; Dx.__init__: Start.#########
2024-07-23 15:22:02,529 ; PT3S                                                         ; INFO    ; Dx.__init__: dbFile (abspath): c:\users\wolters\3s\pt3s\Examples\DistrictHeating.db3 exists readable ...
2024-07-23 15:22:02,544 ; PT3S                                                         ; DEBUG   ; Dx.__init__: tableNames: ['AB_DEF', 'AGSN', 'ALLG', 'ALLG_BZ', 'ANTP', 'ANTP_ROWS', 'ARRW', 'ATMO', 'AVOS', 'AVOS_ROWS', 'BENUTZER', 'BEVE', 'BEVE_BZ', 'BEWI', 'BEWI_BZ', 'BREF', 'BZAG', 'BZAG_BZ', 'CIRC', 'CONT', 'CRGL', 'DATENEBENE', 'DPGR', 'DPGR_BZ', 'DPGR_DPKT', 'DPKT', 'DPKT_BZ', 'DPRG', 'DPRG_BZ', 'DRNP', 'DTRO', 'DTRO_ROWD', 'EBES', 'EBES_BZ', 'ELEMENTQUERY', 'ETAM', 'ETAM_ROWS', 'ETAR', 'ETAR_ROWS', 'ETAU', 'ETAU_ROWS', 'FKNL', 'FKNL_BZ', 'FQPS', 'FQPS_BZ', 'FSTF', 'FWBZ', 'FWEA', 'FWEA_BZ', 'FWES', 'FWES_BZ', 'FWVB', 'FWVB_BZ', 'FWWU', 'FWWU_BZ', 'GEOMETRY_COLUMNS', 'GKMP', 'GMIX', 'GRAV', 'GTXT', 'GVWK', 'GVWK_BZ', 'HAUS', 'HYDR', 'HYDR_BZ', 'KLAP', 'KLAP_BZ', 'KNOT', 'KNOT_BZ', 'KOMK', 'KOMK_ROWS', 'KOMP', 'KOMP_BZ', 'LAYR', 'LFAL', 'LFAL_BZ', 'LFKT', 'LFKT_ROWT', 'LTGR', 'MAPG', 'MAPG_ROWS', 'MODELL', 'MREG', 'MREG_BZ', 'NRCV', 'NSCH', 'NSCH_BZ', 'OBEH', 'OBEH_BZ', 'OVAL', 'PARI', 'PARI_BZ', 'PARV', 'PARZ', 'PARZ_BZ', 'PGPR', 'PGRP', 'PGRP_BZ', 'PGRP_PUMP', 'PGRP_PUMP_BZ', 'PHI1', 'PHI1_ROWT', 'PHI2', 'PHI2_ROWS', 'PHIV', 'PHIV_ROWS', 'PHTR', 'PHTR_BZ', 'PLYG', 'POLY', 'PREG', 'PREG_BZ', 'PROZESSE', 'PUMD', 'PUMD_ROWT', 'PUMK', 'PUMK_ROWS', 'PUMP', 'PUMP_BZ', 'PVAR', 'PVAR_ROWT', 'PZON', 'PZVR', 'PZVR_BZ', 'QVAR', 'QVAR_ROWT', 'RADD', 'RADD_BZ', 'RART', 'RART_BZ', 'RCON', 'RCPL', 'RCPL_ROWT', 'RDIV', 'RDIV_BZ', 'RECT', 'REGP', 'REGV', 'REGV_BZ', 'RFKT', 'RFKT_BZ', 'RHYS', 'RHYS_BZ', 'RINT', 'RINT_BZ', 'RLSR', 'RLSR_BZ', 'RLVG', 'RLVG_BZ', 'RMES', 'RMES_BZ', 'RMES_DPTS', 'RMES_DPTS_BZ', 'RMMA', 'RMMA_BZ', 'RMUL', 'RMUL_BZ', 'ROHR', 'ROHR_BZ', 'ROHR_VRTX', 'RPFL', 'RPID', 'RPID_BZ', 'RPLAN', 'RPLAN_ROWS', 'RPT1', 'RPT1_BZ', 'RRCT', 'RSLW', 'RSLW_BZ', 'RSTE', 'RSTE_BZ', 'RSTN', 'RSTN_BZ', 'RTOT', 'RTOT_BZ', 'RUES', 'RUES_BZ', 'SIRGRAF', 'SIVE', 'SIVE_BZ', 'SOKO', 'SPLZ', 'SRAT', 'SRAT_ROWS', 'STOF', 'STOF_ROWS', 'STRASSE', 'STRO', 'STRO_BZ', 'SWVT', 'SWVT_ROWT', 'SYSTEMKONFIG', 'TEVT', 'TEVT_ROWT', 'TFKT', 'TFKT_ROWS', 'TIMD', 'TRFT', 'TRFT_ROWS', 'TRVA', 'UTMP', 'VARA_ROWS', 'VENT', 'VENT_BZ', 'VERB', 'VKNO', 'VRCT', 'WBLZ', 'WEVT', 'WEVT_ROWT', 'WIND', 'WIND_BZ', 'WTTR', 'WTTR_ROWT', 'ZEP1', 'ZEP1_ROWS', 'ZEP2', 'ZEP2_ROWS', 'VARA']
2024-07-23 15:22:02,545 ; PT3S                                                         ; DEBUG   ; Dx.__init__: viewNames: ['VIEW_MODELLE', 'VCIRC', 'VFWES', 'VFWVB', 'VFWWU', 'VGTXT', 'VKLAP', 'VKNOT', 'VPLYG', 'VPUMP', 'VROHR', 'VVENT']
2024-07-23 15:22:02,552 ; PT3S                                                         ; DEBUG   ; Dx.__init__: pair-tables: pairType: _BZ:
2024-07-23 15:22:02,563 ; PT3S                                                         ; DEBUG   ; Dx.__init__: BV: ALLG         BVZ: ALLG_BZ      V: V_BVZ_ALLG      constructed with        1 rows and  44 cols.
2024-07-23 15:22:02,583 ; PT3S                                                         ; DEBUG   ; Dx.__init__: BV: BEVE         BVZ: BEVE_BZ      V: V_BVZ_BEVE      constructed with        1 rows and  76 cols.
2024-07-23 15:22:02,595 ; PT3S                                                         ; DEBUG   ; Dx.__init__: BV: BEWI         BVZ: BEWI_BZ      V: V_BVZ_BEWI      constructed with        1 rows and  75 cols.
2024-07-23 15:22:02,600 ; PT3S                                                         ; DEBUG   ; Dx.__init__: BV: BZAG         BVZ: BZAG_BZ      V: V_BVZ_BZAG      constructed with        1 rows and  26 cols.
2024-07-23 15:22:02,612 ; PT3S                                                         ; DEBUG   ; Dx.__init__: BV: DPGR         BVZ: DPGR_BZ      V: V_BVZ_DPGR      constructed with       14 rows and  32 cols.
2024-07-23 15:22:02,634 ; PT3S                                                         ; DEBUG   ; Dx.__init__: BV: DPKT         BVZ: DPKT_BZ      V: V_BVZ_DPKT      constructed with      635 rows and  49 cols.
2024-07-23 15:22:02,648 ; PT3S                                                         ; DEBUG   ; Dx.__init__: BV: DPRG         BVZ: DPRG_BZ      V: V_BVZ_DPRG      constructed with        1 rows and  72 cols.
2024-07-23 15:22:02,656 ; PT3S                                                         ; DEBUG   ; Dx.__init__: BV: EBES         BVZ: EBES_BZ      V: V_BVZ_EBES      constructed with        1 rows and  43 cols.
2024-07-23 15:22:02,667 ; PT3S                                                         ; DEBUG   ; Dx.__init__: BV: FKNL         BVZ: FKNL_BZ      V: V_BVZ_FKNL      constructed with        1 rows and  69 cols.
2024-07-23 15:22:02,679 ; PT3S                                                         ; DEBUG   ; Dx.__init__: BV: FQPS         BVZ: FQPS_BZ      V: V_BVZ_FQPS      constructed with        1 rows and  71 cols.
2024-07-23 15:22:02,695 ; PT3S                                                         ; DEBUG   ; Dx.__init__: BV: FWEA         BVZ: FWEA_BZ      V: V_BVZ_FWEA      constructed with        1 rows and 134 cols.
2024-07-23 15:22:02,705 ; PT3S                                                         ; DEBUG   ; Dx.__init__: BV: FWES         BVZ: FWES_BZ      V: V_BVZ_FWES      constructed with        2 rows and  60 cols.
2024-07-23 15:22:02,727 ; PT3S                                                         ; DEBUG   ; Dx.__init__: BV: FWVB         BVZ: FWVB_BZ      V: V_BVZ_FWVB      constructed with      339 rows and  83 cols.
2024-07-23 15:22:02,744 ; PT3S                                                         ; DEBUG   ; Dx.__init__: BV: FWWU         BVZ: FWWU_BZ      V: V_BVZ_FWWU      constructed with        1 rows and  80 cols.
2024-07-23 15:22:02,751 ; PT3S                                                         ; DEBUG   ; Dx.__init__: BV: GVWK         BVZ: GVWK_BZ      V: V_BVZ_GVWK      constructed with        1 rows and  67 cols.
2024-07-23 15:22:02,770 ; PT3S                                                         ; DEBUG   ; Dx.__init__: BV: HYDR         BVZ: HYDR_BZ      V: V_BVZ_HYDR      constructed with        1 rows and  58 cols.
2024-07-23 15:22:02,792 ; PT3S                                                         ; DEBUG   ; Dx.__init__: BV: KLAP         BVZ: KLAP_BZ      V: V_BVZ_KLAP      constructed with        3 rows and  56 cols.
2024-07-23 15:22:02,833 ; PT3S                                                         ; DEBUG   ; Dx.__init__: BV: KNOT         BVZ: KNOT_BZ      V: V_BVZ_KNOT      constructed with      520 rows and  65 cols.
2024-07-23 15:22:02,848 ; PT3S                                                         ; DEBUG   ; Dx.__init__: BV: KOMP         BVZ: KOMP_BZ      V: V_BVZ_KOMP      constructed with        1 rows and  80 cols.
2024-07-23 15:22:02,854 ; PT3S                                                         ; DEBUG   ; Dx.__init__: BV: LFAL         BVZ: LFAL_BZ      V: V_BVZ_LFAL      constructed with        1 rows and  25 cols.
2024-07-23 15:22:02,948 ; PT3S                                                         ; DEBUG   ; Dx.__init__: BV: MREG         BVZ: MREG_BZ      V: V_BVZ_MREG      constructed with        1 rows and  73 cols.
2024-07-23 15:22:02,957 ; PT3S                                                         ; DEBUG   ; Dx.__init__: BV: NSCH         BVZ: NSCH_BZ      V: V_BVZ_NSCH      constructed with        1 rows and  46 cols.
2024-07-23 15:22:02,972 ; PT3S                                                         ; DEBUG   ; Dx.__init__: BV: OBEH         BVZ: OBEH_BZ      V: V_BVZ_OBEH      constructed with        1 rows and  75 cols.
2024-07-23 15:22:02,977 ; PT3S                                                         ; DEBUG   ; Dx.__init__: BV: PARI         BVZ: PARI_BZ      V: V_BVZ_PARI      constructed with        1 rows and  31 cols.
2024-07-23 15:22:02,982 ; PT3S                                                         ; DEBUG   ; Dx.__init__: BV: PARZ         BVZ: PARZ_BZ      V: V_BVZ_PARZ      constructed with        1 rows and  28 cols.
2024-07-23 15:22:02,992 ; PT3S                                                         ; DEBUG   ; Dx.__init__: BV: PGRP         BVZ: PGRP_BZ      V: V_BVZ_PGRP      constructed with        2 rows and  61 cols.
2024-07-23 15:22:02,998 ; PT3S                                                         ; DEBUG   ; Dx.__init__: BV: PGRP_PUMP    BVZ: PGRP_PUMP_BZ V: V_BVZ_PGRP_PUMP constructed with        2 rows and  26 cols.
2024-07-23 15:22:03,012 ; PT3S                                                         ; DEBUG   ; Dx.__init__: BV: PHTR         BVZ: PHTR_BZ      V: V_BVZ_PHTR      constructed with        1 rows and  65 cols.
2024-07-23 15:22:03,051 ; PT3S                                                         ; DEBUG   ; Dx.__init__: BV: PREG         BVZ: PREG_BZ      V: V_BVZ_PREG      constructed with        1 rows and  71 cols.
2024-07-23 15:22:03,097 ; PT3S                                                         ; DEBUG   ; Dx.__init__: BV: PUMP         BVZ: PUMP_BZ      V: V_BVZ_PUMP      constructed with        2 rows and 142 cols.
2024-07-23 15:22:03,107 ; PT3S                                                         ; DEBUG   ; Dx.__init__: BV: PZVR         BVZ: PZVR_BZ      V: V_BVZ_PZVR      constructed with        1 rows and  30 cols.
2024-07-23 15:22:03,124 ; PT3S                                                         ; DEBUG   ; Dx.__init__: BV: RADD         BVZ: RADD_BZ      V: V_BVZ_RADD      constructed with        1 rows and  55 cols.
2024-07-23 15:22:03,132 ; PT3S                                                         ; DEBUG   ; Dx.__init__: BV: RART         BVZ: RART_BZ      V: V_BVZ_RART      constructed with        3 rows and  35 cols.
2024-07-23 15:22:03,145 ; PT3S                                                         ; DEBUG   ; Dx.__init__: BV: RDIV         BVZ: RDIV_BZ      V: V_BVZ_RDIV      constructed with        1 rows and  43 cols.
2024-07-23 15:22:03,152 ; PT3S                                                         ; DEBUG   ; Dx.__init__: BV: REGV         BVZ: REGV_BZ      V: V_BVZ_REGV      constructed with        1 rows and  68 cols.
2024-07-23 15:22:03,160 ; PT3S                                                         ; DEBUG   ; Dx.__init__: BV: RFKT         BVZ: RFKT_BZ      V: V_BVZ_RFKT      constructed with        3 rows and  44 cols.
2024-07-23 15:22:03,166 ; PT3S                                                         ; DEBUG   ; Dx.__init__: BV: RHYS         BVZ: RHYS_BZ      V: V_BVZ_RHYS      constructed with        1 rows and  58 cols.
2024-07-23 15:22:03,172 ; PT3S                                                         ; DEBUG   ; Dx.__init__: BV: RINT         BVZ: RINT_BZ      V: V_BVZ_RINT      constructed with        1 rows and  56 cols.
2024-07-23 15:22:03,178 ; PT3S                                                         ; DEBUG   ; Dx.__init__: BV: RLSR         BVZ: RLSR_BZ      V: V_BVZ_RLSR      constructed with        1 rows and  54 cols.
2024-07-23 15:22:03,187 ; PT3S                                                         ; DEBUG   ; Dx.__init__: BV: RLVG         BVZ: RLVG_BZ      V: V_BVZ_RLVG      constructed with        2 rows and  42 cols.
2024-07-23 15:22:03,199 ; PT3S                                                         ; DEBUG   ; Dx.__init__: BV: RMES         BVZ: RMES_BZ      V: V_BVZ_RMES      constructed with        4 rows and  52 cols.
2024-07-23 15:22:03,206 ; PT3S                                                         ; DEBUG   ; Dx.__init__: BV: RMES_DPTS    BVZ: RMES_DPTS_BZ V: V_BVZ_RMES_DPTS constructed with        5 rows and  29 cols.
2024-07-23 15:22:03,214 ; PT3S                                                         ; DEBUG   ; Dx.__init__: BV: RMMA         BVZ: RMMA_BZ      V: V_BVZ_RMMA      constructed with        1 rows and  55 cols.
2024-07-23 15:22:03,220 ; PT3S                                                         ; DEBUG   ; Dx.__init__: BV: RMUL         BVZ: RMUL_BZ      V: V_BVZ_RMUL      constructed with        1 rows and  56 cols.
2024-07-23 15:22:03,255 ; PT3S                                                         ; DEBUG   ; Dx.__init__: BV: ROHR         BVZ: ROHR_BZ      V: V_BVZ_ROHR      constructed with      527 rows and  74 cols.
2024-07-23 15:22:03,266 ; PT3S                                                         ; DEBUG   ; Dx.__init__: BV: RPID         BVZ: RPID_BZ      V: V_BVZ_RPID      constructed with        1 rows and  63 cols.
2024-07-23 15:22:03,279 ; PT3S                                                         ; DEBUG   ; Dx.__init__: BV: RPT1         BVZ: RPT1_BZ      V: V_BVZ_RPT1      constructed with        1 rows and  56 cols.
2024-07-23 15:22:03,302 ; PT3S                                                         ; DEBUG   ; Dx.__init__: BV: RSLW         BVZ: RSLW_BZ      V: V_BVZ_RSLW      constructed with        5 rows and  50 cols.
2024-07-23 15:22:03,318 ; PT3S                                                         ; DEBUG   ; Dx.__init__: BV: RSTE         BVZ: RSTE_BZ      V: V_BVZ_RSTE      constructed with        1 rows and 104 cols.
2024-07-23 15:22:03,340 ; PT3S                                                         ; DEBUG   ; Dx.__init__: BV: RSTN         BVZ: RSTN_BZ      V: V_BVZ_RSTN      constructed with        8 rows and  77 cols.
2024-07-23 15:22:03,352 ; PT3S                                                         ; DEBUG   ; Dx.__init__: BV: RTOT         BVZ: RTOT_BZ      V: V_BVZ_RTOT      constructed with        1 rows and  55 cols.
2024-07-23 15:22:03,369 ; PT3S                                                         ; DEBUG   ; Dx.__init__: BV: RUES         BVZ: RUES_BZ      V: V_BVZ_RUES      constructed with       25 rows and  43 cols.
2024-07-23 15:22:03,383 ; PT3S                                                         ; DEBUG   ; Dx.__init__: BV: SIVE         BVZ: SIVE_BZ      V: V_BVZ_SIVE      constructed with        1 rows and  70 cols.
2024-07-23 15:22:03,397 ; PT3S                                                         ; DEBUG   ; Dx.__init__: BV: STRO         BVZ: STRO_BZ      V: V_BVZ_STRO      constructed with        1 rows and  72 cols.
2024-07-23 15:22:03,414 ; PT3S                                                         ; DEBUG   ; Dx.__init__: BV: VENT         BVZ: VENT_BZ      V: V_BVZ_VENT      constructed with       12 rows and  69 cols.
2024-07-23 15:22:03,423 ; PT3S                                                         ; DEBUG   ; Dx.__init__: BV: WIND         BVZ: WIND_BZ      V: V_BVZ_WIND      constructed with        1 rows and  76 cols.
2024-07-23 15:22:03,423 ; PT3S                                                         ; DEBUG   ; Dx.__init__: pair-tables: pairType: _ROWS:
2024-07-23 15:22:03,431 ; PT3S                                                         ; DEBUG   ; Dx.__init__: BV: ANTP         BVZ: ANTP_ROWS    V: V_BVZ_ANTP      constructed with        1 rows and  43 cols.
2024-07-23 15:22:03,440 ; PT3S                                                         ; DEBUG   ; Dx.__init__: BV: AVOS         BVZ: AVOS_ROWS    V: V_BVZ_AVOS      constructed with        3 rows and  43 cols.
2024-07-23 15:22:03,444 ; PT3S                                                         ; DEBUG   ; Dx.__init__: BV: ETAM         BVZ: ETAM_ROWS    V: V_BVZ_ETAM      constructed with        7 rows and  43 cols.
2024-07-23 15:22:03,451 ; PT3S                                                         ; DEBUG   ; Dx.__init__: BV: ETAR         BVZ: ETAR_ROWS    V: V_BVZ_ETAR      constructed with        7 rows and  43 cols.
2024-07-23 15:22:03,456 ; PT3S                                                         ; DEBUG   ; Dx.__init__: BV: ETAU         BVZ: ETAU_ROWS    V: V_BVZ_ETAU      constructed with        7 rows and  43 cols.
2024-07-23 15:22:03,460 ; PT3S                                                         ; DEBUG   ; Dx.__init__: BV: KOMK         BVZ: KOMK_ROWS    V: V_BVZ_KOMK      constructed with        1 rows and  53 cols.
2024-07-23 15:22:03,473 ; PT3S                                                         ; DEBUG   ; Dx.__init__: BV: MAPG         BVZ: MAPG_ROWS    V: V_BVZ_MAPG      constructed with        3 rows and  60 cols.
2024-07-23 15:22:03,478 ; PT3S                                                         ; DEBUG   ; Dx.__init__: BV: PHI2         BVZ: PHI2_ROWS    V: V_BVZ_PHI2      constructed with        4 rows and  44 cols.
2024-07-23 15:22:03,485 ; PT3S                                                         ; DEBUG   ; Dx.__init__: BV: PHIV         BVZ: PHIV_ROWS    V: V_BVZ_PHIV      constructed with        9 rows and  43 cols.
2024-07-23 15:22:03,490 ; PT3S                                                         ; DEBUG   ; Dx.__init__: BV: PUMK         BVZ: PUMK_ROWS    V: V_BVZ_PUMK      constructed with        8 rows and  49 cols.
2024-07-23 15:22:03,496 ; PT3S                                                         ; DEBUG   ; Dx.__init__: BV: RPLAN        BVZ: RPLAN_ROWS   V: V_BVZ_RPLAN     constructed with        1 rows and  54 cols.
2024-07-23 15:22:03,502 ; PT3S                                                         ; DEBUG   ; Dx.__init__: BV: SRAT         BVZ: SRAT_ROWS    V: V_BVZ_SRAT      constructed with        1 rows and  44 cols.
2024-07-23 15:22:03,507 ; PT3S                                                         ; DEBUG   ; Dx.__init__: BV: STOF         BVZ: STOF_ROWS    V: V_BVZ_STOF      constructed with      201 rows and  47 cols.
2024-07-23 15:22:03,513 ; PT3S                                                         ; DEBUG   ; Dx.__init__: BV: TFKT         BVZ: TFKT_ROWS    V: V_BVZ_TFKT      constructed with      423 rows and  43 cols.
2024-07-23 15:22:03,522 ; PT3S                                                         ; DEBUG   ; Dx.__init__: BV: TRFT         BVZ: TRFT_ROWS    V: V_BVZ_TRFT      constructed with        2 rows and  43 cols.
2024-07-23 15:22:03,535 ; PT3S                                                         ; DEBUG   ; Dx.__init__: BV: VARA         BVZ: VARA_ROWS    V: V_BVZ_VARA      constructed with       16 rows and  63 cols.
2024-07-23 15:22:03,548 ; PT3S                                                         ; DEBUG   ; Dx.__init__: BV: ZEP1         BVZ: ZEP1_ROWS    V: V_BVZ_ZEP1      constructed with       21 rows and  46 cols.
2024-07-23 15:22:03,559 ; PT3S                                                         ; DEBUG   ; Dx.__init__: BV: ZEP2         BVZ: ZEP2_ROWS    V: V_BVZ_ZEP2      constructed with       42 rows and  48 cols.
2024-07-23 15:22:03,559 ; PT3S                                                         ; DEBUG   ; Dx.__init__: pair-tables: pairType: _ROWT:
2024-07-23 15:22:03,571 ; PT3S                                                         ; DEBUG   ; Dx.__init__: BV: LFKT         BVZ: LFKT_ROWT    V: V_BVZ_LFKT      constructed with        6 rows and  38 cols.
2024-07-23 15:22:03,591 ; PT3S                                                         ; DEBUG   ; Dx.__init__: BV: PHI1         BVZ: PHI1_ROWT    V: V_BVZ_PHI1      constructed with        2 rows and  38 cols.
2024-07-23 15:22:03,596 ; PT3S                                                         ; DEBUG   ; Dx.__init__: BV: PUMD         BVZ: PUMD_ROWT    V: V_BVZ_PUMD      constructed with        2 rows and  38 cols.
2024-07-23 15:22:03,605 ; PT3S                                                         ; DEBUG   ; Dx.__init__: BV: PVAR         BVZ: PVAR_ROWT    V: V_BVZ_PVAR      constructed with        1 rows and  38 cols.
2024-07-23 15:22:03,615 ; PT3S                                                         ; DEBUG   ; Dx.__init__: BV: QVAR         BVZ: QVAR_ROWT    V: V_BVZ_QVAR      constructed with        1 rows and  38 cols.
2024-07-23 15:22:03,622 ; PT3S                                                         ; DEBUG   ; Dx.fHelperCONTetc: pairType ROWT: df RCPL hat keine Spalte ZEIT? Keine Sortierung nach Zeit.
2024-07-23 15:22:03,624 ; PT3S                                                         ; DEBUG   ; Dx.__init__: BV: RCPL         BVZ: RCPL_ROWT    V: V_BVZ_RCPL      constructed with        3 rows and  13 cols.
2024-07-23 15:22:03,726 ; PT3S                                                         ; DEBUG   ; Dx.__init__: BV: SWVT         BVZ: SWVT_ROWT    V: V_BVZ_SWVT      constructed with    17617 rows and  38 cols.
2024-07-23 15:22:03,732 ; PT3S                                                         ; DEBUG   ; Dx.__init__: BV: TEVT         BVZ: TEVT_ROWT    V: V_BVZ_TEVT      constructed with        3 rows and  38 cols.
2024-07-23 15:22:03,739 ; PT3S                                                         ; DEBUG   ; Dx.__init__: BV: WEVT         BVZ: WEVT_ROWT    V: V_BVZ_WEVT      constructed with        1 rows and  38 cols.
2024-07-23 15:22:03,748 ; PT3S                                                         ; DEBUG   ; Dx.__init__: BV: WTTR         BVZ: WTTR_ROWT    V: V_BVZ_WTTR      constructed with        0 rows and  45 cols.
2024-07-23 15:22:03,748 ; PT3S                                                         ; DEBUG   ; Dx.__init__: pair-tables: pairType: _ROWD:
2024-07-23 15:22:03,757 ; PT3S                                                         ; DEBUG   ; Dx.__init__: BV: DTRO         BVZ: DTRO_ROWD    V: V_BVZ_DTRO      constructed with       73 rows and  55 cols.
2024-07-23 15:22:03,757 ; PT3S                                                         ; DEBUG   ; Dx.__init__: tables which are not pair-tables:
2024-07-23 15:22:03,758 ; PT3S                                                         ; DEBUG   ; Dx.__init__: table: AB_DEF           V: V_AB_DEF             constructed with        1 rows and  16 cols.
2024-07-23 15:22:03,763 ; PT3S                                                         ; DEBUG   ; Dx.__init__: table: AGSN             V: V_AGSN               constructed with        4 rows and  37 cols.
2024-07-23 15:22:03,769 ; PT3S                                                         ; DEBUG   ; Dx.__init__: table: ARRW             V: V_ARRW               constructed with        1 rows and  52 cols.
2024-07-23 15:22:03,774 ; PT3S                                                         ; DEBUG   ; Dx.__init__: table: ATMO             V: V_ATMO               constructed with        2 rows and  37 cols.
2024-07-23 15:22:03,777 ; PT3S                                                         ; DEBUG   ; Dx.__init__: table: BENUTZER         V: V_BENUTZER           constructed with        0 rows and  26 cols.
2024-07-23 15:22:03,783 ; PT3S                                                         ; DEBUG   ; Dx.__init__: table: BREF             V: V_BREF               constructed with        1 rows and  52 cols.
2024-07-23 15:22:03,798 ; PT3S                                                         ; DEBUG   ; Dx.__init__: table: CIRC             V: V_CIRC               constructed with        4 rows and  52 cols.
2024-07-23 15:22:03,802 ; PT3S                                                         ; DEBUG   ; Dx.__init__: table: CONT             V: V_CONT               constructed with        7 rows and  41 cols.
2024-07-23 15:22:03,817 ; PT3S                                                         ; DEBUG   ; Dx.__init__: table: CRGL             V: V_CRGL               constructed with       33 rows and  53 cols.
2024-07-23 15:22:03,818 ; PT3S                                                         ; DEBUG   ; Dx.__init__: table: DATENEBENE       V: V_DATENEBENE         constructed with        4 rows and  11 cols.
2024-07-23 15:22:03,825 ; PT3S                                                         ; DEBUG   ; Dx.__init__: table: DPGR_DPKT        V: V_DPGR_DPKT          constructed with      693 rows and  34 cols.
2024-07-23 15:22:03,830 ; PT3S                                                         ; DEBUG   ; Dx.__init__: table: DRNP             V: V_DRNP               constructed with        2 rows and  38 cols.
2024-07-23 15:22:03,833 ; PT3S                                                         ; DEBUG   ; Dx.__init__: table: ELEMENTQUERY     V: V_ELEMENTQUERY       constructed with       50 rows and  36 cols.
2024-07-23 15:22:03,836 ; PT3S                                                         ; DEBUG   ; Dx.__init__: table: FSTF             V: V_FSTF               constructed with        2 rows and  51 cols.
2024-07-23 15:22:03,838 ; PT3S                                                         ; DEBUG   ; Dx.__init__: table: FWBZ             V: V_FWBZ               constructed with        2 rows and  40 cols.
2024-07-23 15:22:03,839 ; PT3S                                                         ; DEBUG   ; Dx.__init__: table: GEOMETRY_COLUMNS V: V_GEOMETRY_COLUMNS   constructed with       11 rows and   7 cols.
2024-07-23 15:22:03,843 ; PT3S                                                         ; DEBUG   ; Dx.__init__: table: GKMP             V: V_GKMP               constructed with        1 rows and  55 cols.
2024-07-23 15:22:03,847 ; PT3S                                                         ; DEBUG   ; Dx.__init__: table: GMIX             V: V_GMIX               constructed with        1 rows and  80 cols.
2024-07-23 15:22:03,848 ; PT3S                                                         ; DEBUG   ; Dx.__init__: table: GRAV             V: V_GRAV               constructed with        2 rows and  35 cols.
2024-07-23 15:22:03,855 ; PT3S                                                         ; DEBUG   ; Dx.__init__: table: GTXT             V: V_GTXT               constructed with        2 rows and  54 cols.
2024-07-23 15:22:03,856 ; PT3S                                                         ; DEBUG   ; Dx.__init__: table: HAUS             V: V_HAUS               constructed with        1 rows and  43 cols.
2024-07-23 15:22:03,859 ; PT3S                                                         ; DEBUG   ; Dx.__init__: table: LAYR             V: V_LAYR               constructed with       10 rows and  38 cols.
2024-07-23 15:22:03,862 ; PT3S                                                         ; DEBUG   ; Dx.__init__: table: LTGR             V: V_LTGR               constructed with        3 rows and  38 cols.
2024-07-23 15:22:03,863 ; PT3S                                                         ; DEBUG   ; Dx.__init__: table: MODELL           V: V_MODELL             constructed with        1 rows and  18 cols.
2024-07-23 15:22:03,873 ; PT3S                                                         ; DEBUG   ; Dx.__init__: table: NRCV             V: V_NRCV               constructed with       27 rows and  61 cols.
2024-07-23 15:22:03,879 ; PT3S                                                         ; DEBUG   ; Dx.__init__: table: OVAL             V: V_OVAL               constructed with        1 rows and  52 cols.
2024-07-23 15:22:03,884 ; PT3S                                                         ; DEBUG   ; Dx.__init__: table: PARV             V: V_PARV               constructed with        2 rows and  45 cols.
2024-07-23 15:22:03,887 ; PT3S                                                         ; DEBUG   ; Dx.__init__: table: PGPR             V: V_PGPR               constructed with        2 rows and  36 cols.
2024-07-23 15:22:03,910 ; PT3S                                                         ; DEBUG   ; Dx.__init__: table: PLYG             V: V_PLYG               constructed with      338 rows and  53 cols.
2024-07-23 15:22:03,920 ; PT3S                                                         ; DEBUG   ; Dx.__init__: table: POLY             V: V_POLY               constructed with        1 rows and  53 cols.
2024-07-23 15:22:03,924 ; PT3S                                                         ; DEBUG   ; Dx.__init__: table: PROZESSE         V: V_PROZESSE           constructed with        0 rows and  21 cols.
2024-07-23 15:22:03,929 ; PT3S                                                         ; DEBUG   ; Dx.__init__: table: PZON             V: V_PZON               constructed with        2 rows and  43 cols.
2024-07-23 15:22:03,934 ; PT3S                                                         ; DEBUG   ; Dx.__init__: table: RCON             V: V_RCON               constructed with        2 rows and  35 cols.
2024-07-23 15:22:03,943 ; PT3S                                                         ; DEBUG   ; Dx.__init__: table: RECT             V: V_RECT               constructed with        1 rows and  52 cols.
2024-07-23 15:22:03,946 ; PT3S                                                         ; DEBUG   ; Dx.__init__: table: REGP             V: V_REGP               constructed with        2 rows and  34 cols.
2024-07-23 15:22:03,950 ; PT3S                                                         ; DEBUG   ; Dx.__init__: table: ROHR_VRTX        V: V_ROHR_VRTX          constructed with        1 rows and  36 cols.
2024-07-23 15:22:03,966 ; PT3S                                                         ; DEBUG   ; Dx.__init__: table: RPFL             V: V_RPFL               constructed with        3 rows and  52 cols.
2024-07-23 15:22:03,971 ; PT3S                                                         ; DEBUG   ; Dx.__init__: table: RRCT             V: V_RRCT               constructed with        1 rows and  52 cols.
2024-07-23 15:22:03,975 ; PT3S                                                         ; DEBUG   ; Dx.__init__: table: SIRGRAF          V: V_SIRGRAF            constructed with        2 rows and  67 cols.
2024-07-23 15:22:03,978 ; PT3S                                                         ; DEBUG   ; Dx.__init__: table: SOKO             V: V_SOKO               constructed with       26 rows and  69 cols.
2024-07-23 15:22:03,981 ; PT3S                                                         ; DEBUG   ; Dx.__init__: table: SPLZ             V: V_SPLZ               constructed with        4 rows and  44 cols.
2024-07-23 15:22:03,985 ; PT3S                                                         ; DEBUG   ; Dx.__init__: table: STRASSE          V: V_STRASSE            constructed with       21 rows and  37 cols.
2024-07-23 15:22:03,986 ; PT3S                                                         ; DEBUG   ; Dx.__init__: table: SYSTEMKONFIG     V: V_SYSTEMKONFIG       constructed with        4 rows and   4 cols.
2024-07-23 15:22:03,989 ; PT3S                                                         ; DEBUG   ; Dx.__init__: table: TIMD             V: V_TIMD               constructed with        2 rows and  40 cols.
2024-07-23 15:22:03,993 ; PT3S                                                         ; DEBUG   ; Dx.__init__: table: TRVA             V: V_TRVA               constructed with        2 rows and  45 cols.
2024-07-23 15:22:03,996 ; PT3S                                                         ; DEBUG   ; Dx.__init__: table: UTMP             V: V_UTMP               constructed with        2 rows and  35 cols.
2024-07-23 15:22:03,999 ; PT3S                                                         ; DEBUG   ; Dx.__init__: table: VARA             V: V_VARA               constructed with        8 rows and  35 cols.
2024-07-23 15:22:04,007 ; PT3S                                                         ; DEBUG   ; Dx.__init__: table: VERB             V: V_VERB               constructed with        2 rows and  74 cols.
2024-07-23 15:22:04,013 ; PT3S                                                         ; DEBUG   ; Dx.__init__: table: VKNO             V: V_VKNO               constructed with        7 rows and  54 cols.
2024-07-23 15:22:04,016 ; PT3S                                                         ; DEBUG   ; Dx.__init__: table: VRCT             V: V_VRCT               constructed with        1 rows and  37 cols.
2024-07-23 15:22:04,020 ; PT3S                                                         ; DEBUG   ; Dx.__init__: table: WBLZ             V: V_WBLZ               constructed with        2 rows and  39 cols.
2024-07-23 15:22:04,023 ; PT3S                                                         ; DEBUG   ; Dx.__init__: expanding V_BVZ_ROHR with NAME_DTRO, DN, DI, DA, S, KT, PN, Am2, Vm3 ...
2024-07-23 15:22:04,037 ; PT3S                                                         ; DEBUG   ; Dx.__init__: V3_ROHR: expanding V_BVZ_ROHR with  NAME_LTGR, NAME_STRASSE, tk_i, NAME_i, tk_k, NAME_k ...
2024-07-23 15:22:04,045 ; PT3S                                                         ; DEBUG   ; Dx.__init__: V3_SWVT: expanding V_BVZ_SWVT ...
2024-07-23 15:22:04,075 ; PT3S                                                         ; DEBUG   ; Dx.__init__: V3_ROWT: combining ROWT_tables like V_BVZ_LFKT, V_BVZ_PVAR, ...
2024-07-23 15:22:04,099 ; PT3S                                                         ; DEBUG   ; Dx.__init__: V3_TFKT: ...
2024-07-23 15:22:04,104 ; PT3S                                                         ; DEBUG   ; Dx.__init__: V3_RSLW_SWVT: combining RSLW and SWVT ...
2024-07-23 15:22:04,135 ; PT3S                                                         ; DEBUG   ; Dx.__init__: V3_KNOT: expanding V_BVZ_KNOT with NAME_LFKT, NAME_PVAR, NAME_PZON,NAME_QVAR,NAME_UTMP,NAME_FSTF,NAME_FQPS ...
2024-07-23 15:22:04,159 ; PT3S                                                         ; DEBUG   ; Dx.__init__: V3_FWVB: expanding V_BVZ_FWVB with NAME_LFKT, NAME_ZEP1VL, NAME_ZEP1RL, NAME_TEVT, NAME_TRFT, tk_i, NAME_i, tk_k, NAME_k, ...
2024-07-23 15:22:04,179 ; PT3S                                                         ; DEBUG   ; Dx.__init__: V3_:ROHR,KNOT,FWVB: filterTemplateObjects ...
2024-07-23 15:22:04,184 ; PT3S                                                         ; DEBUG   ; Dx.__init__: V3_VBEL: ...
2024-07-23 15:22:04,218 ; PT3S                                                         ; DEBUG   ; Dx.__init__: FWES final in V3_VBEL-View (2,299) ...
2024-07-23 15:22:04,229 ; PT3S                                                         ; DEBUG   ; Dx.__init__: FWVB final in V3_VBEL-View (338,322) ...
2024-07-23 15:22:04,242 ; PT3S                                                         ; DEBUG   ; Dx.__init__: KLAP final in V3_VBEL-View (3,295) ...
2024-07-23 15:22:04,275 ; PT3S                                                         ; DEBUG   ; Dx.__init__: PGRP final in V3_VBEL-View (2,300) ...
2024-07-23 15:22:04,296 ; PT3S                                                         ; DEBUG   ; Dx.__init__: PUMP final in V3_VBEL-View (2,381) ...
2024-07-23 15:22:04,318 ; PT3S                                                         ; DEBUG   ; Dx.__init__: ROHR final in V3_VBEL-View (524,322) ...
2024-07-23 15:22:04,342 ; PT3S                                                         ; DEBUG   ; Dx.__init__: VENT final in V3_VBEL-View (12,308) ...
2024-07-23 15:22:04,633 ; PT3S                                                         ; DEBUG   ; Dx.__init__: V3_DPKT ...
2024-07-23 15:22:04,666 ; PT3S                                                         ; DEBUG   ; Dx.__init__: V3_RKNOT ...
2024-07-23 15:22:04,718 ; PT3S                                                         ; DEBUG   ; Dx.__init__: V3_RRUES ...
2024-07-23 15:22:04,778 ; PT3S                                                         ; DEBUG   ; Dx.__init__: V3_RVBEL: ...
2024-07-23 15:22:04,810 ; PT3S                                                         ; DEBUG   ; Dx.__init__: _Done.#########
2024-07-23 15:22:04,812 ; PT3S                                                         ; DEBUG   ; dxAndMxHelperFcts.readDxAndMx: detecting MX-Source for dx.dbFile (abspath) c:\users\wolters\3s\pt3s\Examples\DistrictHeating.db3 ...
2024-07-23 15:22:04,813 ; PT3S                                                         ; DEBUG   ; dxAndMxHelperFcts.readDxAndMx: wDir from dbFile: .\WDDistrictHeating
2024-07-23 15:22:04,813 ; PT3S                                                         ; DEBUG   ; dxAndMxHelperFcts.readDxAndMx: abspath of wDir from dbFile: c:\users\wolters\3s\pt3s\Examples\WDDistrictHeating
2024-07-23 15:22:04,814 ; PT3S                                                         ; DEBUG   ; dxAndMxHelperFcts.readDxAndMx: wDirMx from abspath of wDir from dbFile: c:\users\wolters\3s\pt3s\Examples\WDDistrictHeating\B1\V0\BZ1
2024-07-23 15:22:04,815 ; PT3S                                                         ; DEBUG   ; dxAndMxHelperFcts.readDxAndMx: mx1File: ..\Examples\WDDistrictHeating\B1\V0\BZ1\M-1-0-1.1.MX1
2024-07-23 15:22:04,815 ; PT3S                                                         ; DEBUG   ; dxAndMxHelperFcts.readDxAndMx: corresponding dbFileMxPkl-File: ..\Examples\DistrictHeating-mx-_Examples_WDDistrictHeating_B1_V0_BZ1_M_1_0_1_1_MX1.pkl
2024-07-23 15:22:04,816 ; PT3S                                                         ; INFO    ; dxAndMxHelperFcts.readDxAndMx: 
+..\Examples\DistrictHeating.db3 is newer than
+..\Examples\WDDistrictHeating\B1\V0\BZ1\M-1-0-1.1.MX1:
+SIR 3S' dbFile is newer than SIR 3S' mx1File
+in this case the results are maybe dated or (worse) incompatible to the model
2024-07-23 15:22:05,157 ; PT3S                                                         ; INFO    ; dxAndMxHelperFcts.readDxAndMx: running C:\\3S\Sir3s\SirCalc-90-14-02-10_Potsdam\SirCalc.exe ...
2024-07-23 15:22:11,920 ; PT3S                                                         ; DEBUG   ; Mx.__init__: Start.#########
2024-07-23 15:22:11,922 ; PT3S                                                         ; DEBUG   ; Mx._initWithMx1: Start.
2024-07-23 15:22:11,922 ; PT3S                                                         ; DEBUG   ; Mx._parseMx1: Start.
2024-07-23 15:22:11,938 ; PT3S                                                         ; DEBUG   ; Mx._parseMx1: mx1File: c:\users\wolters\3s\pt3s\Examples\WDDistrictHeating\B1\V0\BZ1\M-1-0-1.1.MX1 mx1Df read. Shape: (494, 22).
2024-07-23 15:22:11,944 ; PT3S                                                         ; DEBUG   ; Mx._parseMx1: mx1Df after some generated Columns: Shape: (494, 27).
2024-07-23 15:22:11,945 ; PT3S                                                         ; DEBUG   ; Mx._parseMx1: _Done.
2024-07-23 15:22:11,945 ; PT3S                                                         ; DEBUG   ; Mx._parseMx2: Start.
2024-07-23 15:22:11,954 ; PT3S                                                         ; DEBUG   ; Mx._parseMx2: _Done.
2024-07-23 15:22:11,954 ; PT3S                                                         ; DEBUG   ; Mx._buildMxRecordStructUnpackFmtString: Start.
2024-07-23 15:22:11,958 ; PT3S                                                         ; DEBUG   ; Mx._buildMxRecordStructUnpackFmtString: Bytes per MX-Record=155140. Bytes Unpacked=155140 (making up 100.00 Bytes-%).
2024-07-23 15:22:11,960 ; PT3S                                                         ; DEBUG   ; Mx._buildMxRecordStructUnpackFmtString: mx1Df after generated Column: Shape: (494, 28).
2024-07-23 15:22:11,960 ; PT3S                                                         ; DEBUG   ; Mx._buildMxRecordStructUnpackFmtString: _Done.
2024-07-23 15:22:11,960 ; PT3S                                                         ; DEBUG   ; Mx._buildMxRecordStructUnpackFmtStringPost: Start.
2024-07-23 15:22:11,980 ; PT3S                                                         ; DEBUG   ; Mx._buildMxRecordStructUnpackFmtStringPost: _Done.
2024-07-23 15:22:11,980 ; PT3S                                                         ; DEBUG   ; Mx._initWithMx1: _Done.
2024-07-23 15:22:11,981 ; PT3S                                                         ; DEBUG   ; Mx.__init__: mxsFile c:\users\wolters\3s\pt3s\Examples\WDDistrictHeating\B1\V0\BZ1\M-1-0-1.1.MXS exists _and is newer than mx1File c:\users\wolters\3s\pt3s\Examples\WDDistrictHeating\B1\V0\BZ1\M-1-0-1.1.MX1 _and NoMxsRead False:
2024-07-23 15:22:11,981 ; PT3S                                                         ; DEBUG   ; Mx.__init__: mxsFile is read.
2024-07-23 15:22:11,981 ; PT3S                                                         ; DEBUG   ; Mx.setResultsToMxsFile: Start.
2024-07-23 15:22:11,981 ; PT3S                                                         ; DEBUG   ; Mx.setResultsToMxsFile: Mxs: Implicit specified.
2024-07-23 15:22:11,981 ; PT3S                                                         ; DEBUG   ; Mx._handleMxsVecsFileDeletion: Start.
2024-07-23 15:22:11,982 ; PT3S                                                         ; DEBUG   ; Mx._handleMxsVecsFileDeletion: Delete H5Dump because Mxs c:\users\wolters\3s\pt3s\Examples\WDDistrictHeating\B1\V0\BZ1\M-1-0-1.1.MXS To Read is newer than H5Dump c:\users\wolters\3s\pt3s\Examples\WDDistrictHeating\B1\V0\BZ1\M-1-0-1.1.vec.h5 ...
2024-07-23 15:22:11,982 ; PT3S                                                         ; DEBUG   ; Mx._handleMxsVecsFileDeletion: _Done.
2024-07-23 15:22:11,987 ; PT3S                                                         ; DEBUG   ; Mx.setResultsToMxsFile: Mxs: c:\users\wolters\3s\pt3s\Examples\WDDistrictHeating\B1\V0\BZ1\M-1-0-1.1.MXS opening ...
2024-07-23 15:22:11,993 ; PT3S                                                         ; INFO    ; Mx.setResultsToMxsFile: Mxs: ..\Examples\WDDistrictHeating\B1\V0\BZ1\M-1-0-1.1.MXS reading ...
2024-07-23 15:22:11,993 ; PT3S                                                         ; DEBUG   ; Mx._readMxsFile: Start.
2024-07-23 15:22:11,994 ; PT3S                                                         ; DEBUG   ; Mx._readMxsFileSingleRecord: CVERSO: SIR 3S 90-14-02-10 3S Consult, 30827 Garbsen - 23.07.2024 15:22 - M-1-0-1       .
2024-07-23 15:22:12,128 ; PT3S                                                         ; DEBUG   ; Mx._processToDfVecAggs: cSNAPSHOTTYPE STAT     processed to (empty) dfVecAggs with TIMESTAMPL: 2023-02-12 23:00:00+00:00
2024-07-23 15:22:12,129 ; PT3S                                                         ; DEBUG   ; Mx._readMxsFile: TimeNr.      1 read and processed finally=2023-02-12 23:00:00.000000+0000 Values (without TIMESTAMP): 329 - Actual SNAPSHOTTYPE: STAT. - H5Dump: YES: key=/                   0 not in keys.
2024-07-23 15:22:12,250 ; PT3S                                                         ; DEBUG   ; Mx._processToDfVecAggs: cSNAPSHOTTYPE TIME     processed to         dfVecAggs with TIMESTAMPL: 2023-02-12 23:00:00+00:00
2024-07-23 15:22:12,252 ; PT3S                                                         ; DEBUG   ; Mx._readMxsFile: TimeNr.      2 read and processed finally=2023-02-12 23:00:00.000000+0000 Values (without TIMESTAMP): 329 - Actual SNAPSHOTTYPE: TIME. - H5Dump: YES: key=/                   0 not in keys - Nr.      1.
2024-07-23 15:22:12,254 ; PT3S                                                         ; DEBUG   ; Mx._readMxsFile: TimeNr.      3 read and processed finally=2023-02-13 00:00:00.000000+0000 Values (without TIMESTAMP): 329 - Actual SNAPSHOTTYPE: TIME. - H5Dump: YES: key=/             3600000 not in keys.
2024-07-23 15:22:12,257 ; PT3S                                                         ; DEBUG   ; Mx._readMxsFile: TimeNr.      4 read and processed finally=2023-02-13 01:00:00.000000+0000 Values (without TIMESTAMP): 329 - Actual SNAPSHOTTYPE: TIME. - H5Dump: YES: key=/             7200000 not in keys.
2024-07-23 15:22:12,260 ; PT3S                                                         ; DEBUG   ; Mx._readMxsFile: TimeNr.      5 read and processed finally=2023-02-13 02:00:00.000000+0000 Values (without TIMESTAMP): 329 - Actual SNAPSHOTTYPE: TIME. - H5Dump: YES: key=/            10800000 not in keys.
2024-07-23 15:22:12,265 ; PT3S                                                         ; DEBUG   ; Mx._readMxsFile: TimeNr.      6 read and processed finally=2023-02-13 03:00:00.000000+0000 Values (without TIMESTAMP): 329 - Actual SNAPSHOTTYPE: TIME. - H5Dump: YES: key=/            14400000 not in keys.
2024-07-23 15:22:12,268 ; PT3S                                                         ; DEBUG   ; Mx._readMxsFile: TimeNr.      7 read and processed finally=2023-02-13 04:00:00.000000+0000 Values (without TIMESTAMP): 329 - Actual SNAPSHOTTYPE: TIME. - H5Dump: YES: key=/            18000000 not in keys.
2024-07-23 15:22:12,272 ; PT3S                                                         ; DEBUG   ; Mx._readMxsFile: TimeNr.      8 read and processed finally=2023-02-13 05:00:00.000000+0000 Values (without TIMESTAMP): 329 - Actual SNAPSHOTTYPE: TIME. - H5Dump: YES: key=/            21600000 not in keys.
2024-07-23 15:22:12,276 ; PT3S                                                         ; DEBUG   ; Mx._readMxsFile: TimeNr.      9 read and processed finally=2023-02-13 06:00:00.000000+0000 Values (without TIMESTAMP): 329 - Actual SNAPSHOTTYPE: TIME. - H5Dump: YES: key=/            25200000 not in keys.
2024-07-23 15:22:12,280 ; PT3S                                                         ; DEBUG   ; Mx._readMxsFile: TimeNr.     10 read and processed finally=2023-02-13 07:00:00.000000+0000 Values (without TIMESTAMP): 329 - Actual SNAPSHOTTYPE: TIME. - H5Dump: YES: key=/            28800000 not in keys.
2024-07-23 15:22:12,284 ; PT3S                                                         ; DEBUG   ; Mx._readMxsFile: TimeNr.     11 read and processed finally=2023-02-13 08:00:00.000000+0000 Values (without TIMESTAMP): 329 - Actual SNAPSHOTTYPE: TIME. - H5Dump: YES: key=/            32400000 not in keys.
2024-07-23 15:22:12,286 ; PT3S                                                         ; DEBUG   ; Mx._readMxsFile: TimeNr.     12 read and processed finally=2023-02-13 09:00:00.000000+0000 Values (without TIMESTAMP): 329 - Actual SNAPSHOTTYPE: TIME. - H5Dump: YES: key=/            36000000 not in keys.
2024-07-23 15:22:12,288 ; PT3S                                                         ; DEBUG   ; Mx._readMxsFile: TimeNr.     13 read and processed finally=2023-02-13 10:00:00.000000+0000 Values (without TIMESTAMP): 329 - Actual SNAPSHOTTYPE: TIME. - H5Dump: YES: key=/            39600000 not in keys.
2024-07-23 15:22:12,291 ; PT3S                                                         ; DEBUG   ; Mx._readMxsFile: TimeNr.     14 read and processed finally=2023-02-13 11:00:00.000000+0000 Values (without TIMESTAMP): 329 - Actual SNAPSHOTTYPE: TIME. - H5Dump: YES: key=/            43200000 not in keys.
2024-07-23 15:22:12,294 ; PT3S                                                         ; DEBUG   ; Mx._readMxsFile: TimeNr.     15 read and processed finally=2023-02-13 12:00:00.000000+0000 Values (without TIMESTAMP): 329 - Actual SNAPSHOTTYPE: TIME. - H5Dump: YES: key=/            46800000 not in keys.
2024-07-23 15:22:12,300 ; PT3S                                                         ; DEBUG   ; Mx._readMxsFile: TimeNr.     16 read and processed finally=2023-02-13 13:00:00.000000+0000 Values (without TIMESTAMP): 329 - Actual SNAPSHOTTYPE: TIME. - H5Dump: YES: key=/            50400000 not in keys.
2024-07-23 15:22:12,305 ; PT3S                                                         ; DEBUG   ; Mx._readMxsFile: TimeNr.     17 read and processed finally=2023-02-13 14:00:00.000000+0000 Values (without TIMESTAMP): 329 - Actual SNAPSHOTTYPE: TIME. - H5Dump: YES: key=/            54000000 not in keys.
2024-07-23 15:22:12,308 ; PT3S                                                         ; DEBUG   ; Mx._readMxsFile: TimeNr.     18 read and processed finally=2023-02-13 15:00:00.000000+0000 Values (without TIMESTAMP): 329 - Actual SNAPSHOTTYPE: TIME. - H5Dump: YES: key=/            57600000 not in keys.
2024-07-23 15:22:12,311 ; PT3S                                                         ; DEBUG   ; Mx._readMxsFile: TimeNr.     19 read and processed finally=2023-02-13 16:00:00.000000+0000 Values (without TIMESTAMP): 329 - Actual SNAPSHOTTYPE: TIME. - H5Dump: YES: key=/            61200000 not in keys.
2024-07-23 15:22:12,314 ; PT3S                                                         ; DEBUG   ; Mx._readMxsFile: TimeNr.     20 read and processed finally=2023-02-13 17:00:00.000000+0000 Values (without TIMESTAMP): 329 - Actual SNAPSHOTTYPE: TIME. - H5Dump: YES: key=/            64800000 not in keys.
2024-07-23 15:22:12,319 ; PT3S                                                         ; DEBUG   ; Mx._readMxsFile: TimeNr.     21 read and processed finally=2023-02-13 18:00:00.000000+0000 Values (without TIMESTAMP): 329 - Actual SNAPSHOTTYPE: TIME. - H5Dump: YES: key=/            68400000 not in keys.
2024-07-23 15:22:12,322 ; PT3S                                                         ; DEBUG   ; Mx._readMxsFile: TimeNr.     22 read and processed finally=2023-02-13 19:00:00.000000+0000 Values (without TIMESTAMP): 329 - Actual SNAPSHOTTYPE: TIME. - H5Dump: YES: key=/            72000000 not in keys.
2024-07-23 15:22:12,327 ; PT3S                                                         ; DEBUG   ; Mx._readMxsFile: TimeNr.     23 read and processed finally=2023-02-13 20:00:00.000000+0000 Values (without TIMESTAMP): 329 - Actual SNAPSHOTTYPE: TIME. - H5Dump: YES: key=/            75600000 not in keys.
2024-07-23 15:22:12,332 ; PT3S                                                         ; DEBUG   ; Mx._readMxsFile: TimeNr.     24 read and processed finally=2023-02-13 21:00:00.000000+0000 Values (without TIMESTAMP): 329 - Actual SNAPSHOTTYPE: TIME. - H5Dump: YES: key=/            79200000 not in keys.
2024-07-23 15:22:12,336 ; PT3S                                                         ; DEBUG   ; Mx._readMxsFile: TimeNr.     25 read and processed finally=2023-02-13 22:00:00.000000+0000 Values (without TIMESTAMP): 329 - Actual SNAPSHOTTYPE: TIME. - H5Dump: YES: key=/            82800000 not in keys.
2024-07-23 15:22:12,341 ; PT3S                                                         ; DEBUG   ; Mx._readMxsFile: TimeNr.     26 read and processed finally=2023-02-13 23:00:00.000000+0000 Values (without TIMESTAMP): 329 - Actual SNAPSHOTTYPE: TIME. - H5Dump: YES: key=/            86400000 not in keys.
2024-07-23 15:22:12,483 ; PT3S                                                         ; DEBUG   ; Mx._processToDfVecAggs: cSNAPSHOTTYPE TMIN     processed to         dfVecAggs with TIMESTAMPL: 2023-02-12 23:00:00+00:00
2024-07-23 15:22:12,484 ; PT3S                                                         ; DEBUG   ; Mx._readMxsFile: TimeNr.     27 read and processed finally=2023-02-13 23:00:00.000000+0000 Values (without TIMESTAMP): 329 - Actual SNAPSHOTTYPE: TMIN. - H5Dump: YES: key=/            86400000 not in keys.
2024-07-23 15:22:12,613 ; PT3S                                                         ; DEBUG   ; Mx._processToDfVecAggs: cSNAPSHOTTYPE TMAX     processed to         dfVecAggs with TIMESTAMPL: 2023-02-12 23:00:00+00:00
2024-07-23 15:22:12,615 ; PT3S                                                         ; DEBUG   ; Mx._readMxsFile: TimeNr.     28 read and processed finally=2023-02-13 23:00:00.000000+0000 Values (without TIMESTAMP): 329 - Actual SNAPSHOTTYPE: TMAX. - H5Dump: YES: key=/            86400000 not in keys.
2024-07-23 15:22:12,615 ; PT3S                                                         ; DEBUG   ; Mx._readMxsFile: File finished: Records read=28. Last Time read=2023-02-13 23:00:00.000000+0000. MB read=0004.34.
2024-07-23 15:22:12,624 ; PT3S                                                         ; DEBUG   ; Mx._readMxsFile: df.shape(): (28, 329).
2024-07-23 15:22:12,624 ; PT3S                                                         ; DEBUG   ; Mx._readMxsFile: _Done.
2024-07-23 15:22:12,627 ; PT3S                                                         ; DEBUG   ; Mx.setResultsToMxsFile: Mxs: c:\users\wolters\3s\pt3s\Examples\WDDistrictHeating\B1\V0\BZ1\M-1-0-1.1.MXS: NOT unique TIMESTAMPS: Their dfMxs Shape: (3, 329).
2024-07-23 15:22:12,627 ; PT3S                                                         ; DEBUG   ; Mx.setResultsToMxsFile: Mxs: c:\users\wolters\3s\pt3s\Examples\WDDistrictHeating\B1\V0\BZ1\M-1-0-1.1.MXS: Assigned.     df Shape: (25, 329).
2024-07-23 15:22:12,627 ; PT3S                                                         ; DEBUG   ; Mx.setResultsToMxsFile: RESULT after c:\users\wolters\3s\pt3s\Examples\WDDistrictHeating\B1\V0\BZ1\M-1-0-1.1.MXS: df Shape: (25, 329) First Time: 2023-02-12 23:00:00+00:00 Last Time: 2023-02-13 23:00:00+00:00.
2024-07-23 15:22:12,638 ; PT3S                                                         ; DEBUG   ; Mx.setResultsToMxsFile: _Done.
2024-07-23 15:22:12,639 ; PT3S                                                         ; DEBUG   ; Mx.__init__: _Done.#########
2024-07-23 15:22:12,639 ; PT3S                                                         ; DEBUG   ; dxAndMxHelperFcts.readDxAndMx: MX read ok so far.
2024-07-23 15:22:12,639 ; PT3S                                                         ; DEBUG   ; dxWithMx.__init__: Start.
2024-07-23 15:22:12,639 ; PT3S                                                         ; DEBUG   ; dxDecodeObjsData.Layr: Start.
2024-07-23 15:22:13,000 ; PT3S                                                         ; DEBUG   ; dxDecodeObjsData.Layr: _Done.
2024-07-23 15:22:13,004 ; PT3S                                                         ; DEBUG   ; dxDecodeObjsData.Wblz: Start.
2024-07-23 15:22:13,007 ; PT3S                                                         ; DEBUG   ; dxDecodeObjsData.Wblz: no WBLZs available ...
2024-07-23 15:22:13,007 ; PT3S                                                         ; DEBUG   ; dxDecodeObjsData.Wblz: _Done.
2024-07-23 15:22:13,007 ; PT3S                                                         ; DEBUG   ; dxDecodeObjsData.Agsn: Start.
2024-07-23 15:22:13,391 ; PT3S                                                         ; DEBUG   ; dxDecodeObjsData.Agsn: _Done.
2024-07-23 15:22:13,392 ; PT3S                                                         ; INFO    ; dxWithMx.__init__: DistrictHeating: processing dx and mx ...
2024-07-23 15:22:13,392 ; PT3S                                                         ; DEBUG   ; Dx.MxSync: Start.
2024-07-23 15:22:13,432 ; PT3S                                                         ; DEBUG   ; Dx.MxSync: _Done.
2024-07-23 15:22:13,434 ; PT3S                                                         ; DEBUG   ; Dx.MxAdd: Start.
2024-07-23 15:22:13,486 ; PT3S                                                         ; DEBUG   ; Mx.getVecAggsResultsForAttributeType: Start.
2024-07-23 15:22:13,487 ; PT3S                                                         ; DEBUG   ; Mx.getVecAggsResultsForAttributeType: Sir3sIDsMatching: ['FWES~*~*~*~QM', 'FWVB~*~*~*~QM', 'KLAP~*~*~*~QM', 'KNOT~*~*~*~QM', 'PGRP~*~*~*~QM', 'PUMP~*~*~*~QM', 'ROHR~*~*~*~QMAV', 'VENT~*~*~*~QM']
2024-07-23 15:22:13,487 ; PT3S                                                         ; DEBUG   ; Mx.getVecAggsResultsForAttributeType: choosen Name of 'common' ATTR: QM.
2024-07-23 15:22:13,520 ; PT3S                                                         ; DEBUG   ; Mx.getVecAggsResultsForAttributeType: _Done.
2024-07-23 15:22:13,564 ; PT3S                                                         ; DEBUG   ; Dx.MxAdd: _Done.
2024-07-23 15:22:13,565 ; PT3S                                                         ; DEBUG   ; dxWithMx.__init__: Constructing of V3_VBEL['QM'] ok so far.
2024-07-23 15:22:13,567 ; PT3S                                                         ; DEBUG   ; dxWithMx.__init__: Constructing of V3_VBEL['PH_i'] ok so far.
2024-07-23 15:22:13,567 ; PT3S                                                         ; DEBUG   ; dxWithMx.__init__: Constructing of V3_VBEL['PH_k'] ok so far.
2024-07-23 15:22:13,567 ; PT3S                                                         ; DEBUG   ; dxWithMx.__init__: Constructing of V3_VBEL['T_i'] ok so far.
2024-07-23 15:22:13,567 ; PT3S                                                         ; DEBUG   ; dxWithMx.__init__: Constructing of V3_VBEL['T_k'] ok so far.
2024-07-23 15:22:13,576 ; PT3S                                                         ; DEBUG   ; dxWithMx.__init__: Constructing of V3_ROHR['QMAVAbs'] ok so far.
2024-07-23 15:22:13,586 ; PT3S                                                         ; DEBUG   ; dxWithMx.__init__: Constructing of V3_ROHR['VAVAbs'] ok so far.
2024-07-23 15:22:13,595 ; PT3S                                                         ; DEBUG   ; dxWithMx.__init__: Constructing of V3_ROHR['PHRAbs'] ok so far.
2024-07-23 15:22:13,604 ; PT3S                                                         ; DEBUG   ; dxWithMx.__init__: Constructing of V3_ROHR['JVAbs'] ok so far.
2024-07-23 15:22:13,605 ; PT3S                                                         ; DEBUG   ; dxWithMx.__init__: Constructing of V3_FWVB['W'] ok so far.
2024-07-23 15:22:13,605 ; PT3S                                                         ; DEBUG   ; dxWithMx.__init__: Constructing of V3_FWVB['QM'] ok so far.
2024-07-23 15:22:13,606 ; PT3S                                                         ; DEBUG   ; dxWithMx.__init__: Constructing of V3_FWVB['TI'] ok so far.
2024-07-23 15:22:13,606 ; PT3S                                                         ; DEBUG   ; dxWithMx.__init__: Constructing of V3_FWVB['TK'] ok so far.
2024-07-23 15:22:13,612 ; PT3S                                                         ; DEBUG   ; dxWithMx.__init__: Adding MX-Results to V3_WBLZ ok so far.
2024-07-23 15:22:13,612 ; PT3S                                                         ; DEBUG   ; dxWithMx.__init__: crs reading successful:  EPSG:25832
2024-07-23 15:22:13,645 ; PT3S                                                         ; DEBUG   ; dxWithMx.__init__: Constructing of gdf_FWVB and gdf_ROHR ok so far.
2024-07-23 15:22:13,850 ; PT3S                                                         ; DEBUG   ; dxWithMx.__init__: Constructing NetworkX Graph G ok so far.
2024-07-23 15:22:13,853 ; PT3S                                                         ; DEBUG   ; dxWithMx.__init__: Constructing NetworkX Graph G nodeposDctNx ok so far.
2024-07-23 15:22:13,865 ; PT3S                                                         ; DEBUG   ; dxWithMx.__init__: Constructing NetworkX Graph GSig ok so far.
2024-07-23 15:22:15,226 ; PT3S                                                         ; DEBUG   ; dxWithMx.__init__: Constructing V3_AGSN ok so far.
2024-07-23 15:22:15,227 ; PT3S                                                         ; DEBUG   ; dxWithMx.__init__: _Done.
2024-07-23 15:22:15,228 ; PT3S                                                         ; DEBUG   ; dxAndMxHelperFcts.readDxAndMx: _Done.
dxAndMxHelperFcts.readDxAndMx: _Done.
